15:51:36,782 INFO  [megameklab.MegaMekLab] {main}
megameklab.MegaMekLab.initializeLogging(MegaMekLab.java:207) - Starting MegaMekLab v0.51.00
    Build Date: 2026-06-06T11:16:58.599941300
    Today: 2026-07-22
    Origin Project: MegaMekLab
    Java Vendor: Eclipse Adoptium
    Java Version: 21.0.11
    Platform: Mac OS X 26.5.2 (x86_64)
    System Locale: en_GB
    Total memory available to MegaMekLab: 4 GB
    MM Code Revision: e601296070cf8b126389c24f3022c02876a9ac88
    MML Code Revision: 82b32de99480425261233359c932f4c8927c58c0
    MHQ Code Revision: e08a0129915bfd3efbec875a5827cced258c9125


15:51:41,377 ERROR [megameklab.MegaMekLab] {main}
megameklab.MegaMekLab.lambda$main$4(MegaMekLab.java:156) - Uncaught java.lang.NullPointerException detected. Please open up an issue containing all logs, the game save file, and customs at https://github.com/MegaMek/megamek/issues . If Sentry is enabled, the error has also been logged.
java.lang.NullPointerException: Cannot invoke "java.awt.Image.getWidth(java.awt.image.ImageObserver)" because "sourceImage" is null
	at megamek.common.util.ManagedVolatileImage.<init>(ManagedVolatileImage.java:61)
	at megameklab.ui.StartupGUI.initComponents(StartupGUI.java:222)
	at megameklab.ui.StartupGUI.<init>(StartupGUI.java:108)
	at megameklab.ui.StartupGUI.getInstance(StartupGUI.java:178)
	at megameklab.MegaMekLab.startup(MegaMekLab.java:257)
	at megameklab.MegaMekLab.main(MegaMekLab.java:164)

