21:11:50,444 INFO  [megamek.MegaMek] {main}
megamek.MegaMek.initializeLogging(MegaMek.java:195) - Starting MegaMek v0.51.00
    Build Date: 2026-06-06T11:16:58.662803800
    Today: 2026-07-13
    Origin Project: MekHQ
    Java Vendor: Eclipse Adoptium
    Java Version: 21.0.11
    Platform: Mac OS X 26.5.2 (x86_64)
    System Locale: en_GB
    Total memory available to MegaMek: 4 GB
    MM Code Revision: e601296070cf8b126389c24f3022c02876a9ac88
    MML Code Revision: 82b32de99480425261233359c932f4c8927c58c0
    MHQ Code Revision: e08a0129915bfd3efbec875a5827cced258c9125


21:11:50,456 INFO  [megamek.client.ui.util.FontHandler] {main}
megamek.client.ui.util.FontHandler.initializeFonts(FontHandler.java:129) - Loading fonts from data/fonts/

21:11:53,848 INFO  [megamek.client.ui.util.FontHandler] {main}
megamek.client.ui.util.FontHandler.initializeFonts(FontHandler.java:134) - Loading fonts from /Users/stuart/Documents/GitHub/StrategosMekBay/MegaMekShare

21:11:54,028 INFO  [megamek.client.ui.util.FontHandler] {main}
megamek.client.ui.util.FontHandler.initializeFonts(FontHandler.java:138) - Loading fonts from Java's GraphicsEnvironment

21:11:54,217 INFO  [megamek.client.ui.preferences.SuitePreferences] {AWT-EventQueue-0}
megamek.client.ui.preferences.SuitePreferences.loadFromFile(SuitePreferences.java:145) - Loading user preferences from: mmconf/mm.preferences

21:11:54,247 INFO  [megamek.client.ui.preferences.SuitePreferences] {AWT-EventQueue-0}
megamek.client.ui.preferences.SuitePreferences.loadFromFile(SuitePreferences.java:145) - Loading user preferences from: mmconf/mml.preferences

21:11:54,255 INFO  [megamek.client.ui.preferences.SuitePreferences] {AWT-EventQueue-0}
megamek.client.ui.preferences.SuitePreferences.loadFromFile(SuitePreferences.java:145) - Loading user preferences from: mmconf/mhq.preferences

21:12:06,116 INFO  [megamek.common.universe.Factions2] {SwingWorker-pool-2-thread-1}
megamek.common.universe.Factions2.loadFactionsFromFile(Factions2.java:161) - Loading Faction and Command data...

21:12:07,700 WARN  [megamek.common.universe.Factions2] {SwingWorker-pool-2-thread-1}
megamek.common.universe.Factions2.loadFactionsFromDirectory(Factions2.java:194) - Cannot load factions from /Users/stuart/Documents/GitHub/StrategosMekBay/MegaMekShare/data/universe/factions (directory not present or not a directory)

21:12:07,715 WARN  [megamek.common.universe.Factions2] {SwingWorker-pool-2-thread-1}
megamek.common.universe.Factions2.loadFactionsFromDirectory(Factions2.java:194) - Cannot load factions from /Users/stuart/Documents/GitHub/StrategosMekBay/MegaMekShare/data/universe/commands (directory not present or not a directory)

21:12:07,716 INFO  [megamek.common.universe.Factions2] {SwingWorker-pool-2-thread-1}
megamek.common.universe.Factions2.loadFactionsFromFile(Factions2.java:170) - Loaded a total of 415 factions and commands

21:12:08,487 ERROR [megamek.common.loaders.MekFileParser] {Mek Cache Loader}
megamek.common.loaders.MekFileParser.<init>(MekFileParser.java:134) - 
megamek.common.loaders.EntityLoadingException: Could not find name block.
	at megamek.common.loaders.BLKFile.setBasicEntityData(BLKFile.java:121)
	at megamek.common.loaders.BLKMekFile.getEntity(BLKMekFile.java:103)
	at megamek.common.loaders.MekFileParser.parse(MekFileParser.java:245)
	at megamek.common.loaders.MekFileParser.<init>(MekFileParser.java:132)
	at megamek.common.loaders.MekSummaryCache.loadMeksFromZipFile(MekSummaryCache.java:1124)
	at megamek.common.loaders.MekSummaryCache.loadMeksFromDirectory(MekSummaryCache.java:1031)
	at megamek.common.loaders.MekSummaryCache.loadMeksFromDirectory(MekSummaryCache.java:1023)
	at megamek.common.loaders.MekSummaryCache.loadMeksFromDirectory(MekSummaryCache.java:1023)
	at megamek.common.loaders.MekSummaryCache.loadMeksFromDirectory(MekSummaryCache.java:1023)
	at megamek.common.loaders.MekSummaryCache.checkForChanges(MekSummaryCache.java:405)
	at megamek.common.loaders.MekSummaryCache.loadMekData(MekSummaryCache.java:363)
	at megamek.common.loaders.MekSummaryCache.runLoad(MekSummaryCache.java:212)
	at megamek.common.loaders.MekSummaryCache.lambda$startLoadLocked$0(MekSummaryCache.java:203)
	at java.base/java.lang.Thread.run(Thread.java:1583)

21:12:10,636 ERROR [megamek.client.ratgenerator.RATGenerator] {RAT Generator unit populator}
megamek.client.ratgenerator.RATGenerator.parseModelNode(RATGenerator.java:1644) - Arondight Pocket Warship (SCC) not found.

21:12:10,757 ERROR [megamek.client.ratgenerator.RATGenerator] {RAT Generator unit populator}
megamek.client.ratgenerator.RATGenerator.parseModelNode(RATGenerator.java:1644) - Arondight Pocket Warship (SCC) not found.

21:12:10,818 ERROR [megamek.client.ratgenerator.RATGenerator] {RAT Generator unit populator}
megamek.client.ratgenerator.RATGenerator.parseModelNode(RATGenerator.java:1644) - Arondight Pocket Warship (Refit) not found.

21:12:10,819 ERROR [megamek.client.ratgenerator.RATGenerator] {RAT Generator unit populator}
megamek.client.ratgenerator.RATGenerator.parseModelNode(RATGenerator.java:1644) - Arondight Pocket Warship (SCC) not found.

21:12:10,924 ERROR [megamek.client.ratgenerator.RATGenerator] {RAT Generator unit populator}
megamek.client.ratgenerator.RATGenerator.parseModelNode(RATGenerator.java:1644) - Arondight Pocket Warship (Refit) not found.

21:12:10,925 ERROR [megamek.client.ratgenerator.RATGenerator] {RAT Generator unit populator}
megamek.client.ratgenerator.RATGenerator.parseModelNode(RATGenerator.java:1644) - Arondight Pocket Warship (SCC) not found.

21:12:11,012 ERROR [megamek.client.ratgenerator.RATGenerator] {RAT Generator unit populator}
megamek.client.ratgenerator.RATGenerator.parseModelNode(RATGenerator.java:1644) - Arondight Pocket Warship (Refit) not found.

21:12:11,012 ERROR [megamek.client.ratgenerator.RATGenerator] {RAT Generator unit populator}
megamek.client.ratgenerator.RATGenerator.parseModelNode(RATGenerator.java:1644) - Arondight Pocket Warship (SCC) not found.

21:12:11,084 ERROR [megamek.client.ratgenerator.RATGenerator] {RAT Generator unit populator}
megamek.client.ratgenerator.RATGenerator.parseModelNode(RATGenerator.java:1644) - Arondight Pocket Warship (Refit) not found.

21:12:11,085 ERROR [megamek.client.ratgenerator.RATGenerator] {RAT Generator unit populator}
megamek.client.ratgenerator.RATGenerator.parseModelNode(RATGenerator.java:1644) - Arondight Pocket Warship (SCC) not found.

21:12:11,441 ERROR [megamek.client.ratgenerator.RATGenerator] {RAT Generator unit populator}
megamek.client.ratgenerator.RATGenerator.parseModelNode(RATGenerator.java:1644) - Arondight Pocket Warship (Refit) not found.

21:12:11,451 ERROR [megamek.client.ratgenerator.RATGenerator] {RAT Generator unit populator}
megamek.client.ratgenerator.RATGenerator.parseModelNode(RATGenerator.java:1644) - Arondight Pocket Warship (SCC) not found.

21:12:11,526 ERROR [megamek.client.ratgenerator.RATGenerator] {RAT Generator unit populator}
megamek.client.ratgenerator.RATGenerator.loadEra(RATGenerator.java:1511) - Faction MalCon not found in data/forcegenerator/3150.xml

21:12:11,526 ERROR [megamek.client.ratgenerator.RATGenerator] {RAT Generator unit populator}
megamek.client.ratgenerator.RATGenerator.loadEra(RATGenerator.java:1511) - Faction VSM not found in data/forcegenerator/3150.xml

21:12:11,527 WARN  [megamek.client.ratgenerator.RATGenerator] {RAT Generator unit populator}
megamek.client.ratgenerator.RATGenerator.parseChassisNode(RATGenerator.java:1607) - VSM not a valid faction code in year 3150. See 'Astrolux' Staryacht[Small Craft].

21:12:11,533 ERROR [megamek.client.ratgenerator.RATGenerator] {RAT Generator unit populator}
megamek.client.ratgenerator.RATGenerator.parseModelNode(RATGenerator.java:1644) - Arondight Pocket Warship (Refit) not found.

21:12:11,534 ERROR [megamek.client.ratgenerator.RATGenerator] {RAT Generator unit populator}
megamek.client.ratgenerator.RATGenerator.parseModelNode(RATGenerator.java:1644) - Arondight Pocket Warship (SCC) not found.

21:12:11,534 WARN  [megamek.client.ratgenerator.RATGenerator] {RAT Generator unit populator}
megamek.client.ratgenerator.RATGenerator.parseChassisNode(RATGenerator.java:1607) - VSM not a valid faction code in year 3150. See Avanti Aerospace Airliner[Conventional Fighter].

21:12:11,548 WARN  [megamek.client.ratgenerator.RATGenerator] {RAT Generator unit populator}
megamek.client.ratgenerator.RATGenerator.parseChassisNode(RATGenerator.java:1607) - VSM not a valid faction code in year 3150. See Cardinal Transport[VTOL].

21:12:11,559 WARN  [megamek.client.ratgenerator.RATGenerator] {RAT Generator unit populator}
megamek.client.ratgenerator.RATGenerator.parseChassisNode(RATGenerator.java:1607) - VSM not a valid faction code in year 3150. See Coanda Personal Sports Craft[Tank].

21:12:11,562 WARN  [megamek.client.ratgenerator.RATGenerator] {RAT Generator unit populator}
megamek.client.ratgenerator.RATGenerator.parseChassisNode(RATGenerator.java:1607) - VSM not a valid faction code in year 3150. See Fensalir Combat WiGE[Tank].

21:12:11,563 WARN  [megamek.client.ratgenerator.RATGenerator] {RAT Generator unit populator}
megamek.client.ratgenerator.RATGenerator.parseModelNode(RATGenerator.java:1682) - VSM not a valid faction code in year 3150. See model Fensalir Combat WiGE.

21:12:11,565 WARN  [megamek.client.ratgenerator.RATGenerator] {RAT Generator unit populator}
megamek.client.ratgenerator.RATGenerator.parseModelNode(RATGenerator.java:1682) - VSM not a valid faction code in year 3150. See model Fensalir Combat WiGE (HAG).

21:12:11,565 WARN  [megamek.client.ratgenerator.RATGenerator] {RAT Generator unit populator}
megamek.client.ratgenerator.RATGenerator.parseModelNode(RATGenerator.java:1682) - VSM not a valid faction code in year 3150. See model Fensalir Combat WiGE (Infantry).

21:12:11,565 WARN  [megamek.client.ratgenerator.RATGenerator] {RAT Generator unit populator}
megamek.client.ratgenerator.RATGenerator.parseChassisNode(RATGenerator.java:1607) - VSM not a valid faction code in year 3150. See Ferret Light Scout VTOL[VTOL].

21:12:11,594 WARN  [megamek.client.ratgenerator.RATGenerator] {RAT Generator unit populator}
megamek.client.ratgenerator.RATGenerator.parseChassisNode(RATGenerator.java:1607) - VSM not a valid faction code in year 3150. See Jonah Submarine[Naval].

21:12:11,594 WARN  [megamek.client.ratgenerator.RATGenerator] {RAT Generator unit populator}
megamek.client.ratgenerator.RATGenerator.parseModelNode(RATGenerator.java:1682) - VSM not a valid faction code in year 3150. See model Jonah Submarine JN-002.

21:12:11,596 WARN  [megamek.client.ratgenerator.RATGenerator] {RAT Generator unit populator}
megamek.client.ratgenerator.RATGenerator.parseChassisNode(RATGenerator.java:1607) - VSM not a valid faction code in year 3150. See Karnov UR Transport[VTOL].

21:12:11,603 WARN  [megamek.client.ratgenerator.RATGenerator] {RAT Generator unit populator}
megamek.client.ratgenerator.RATGenerator.parseChassisNode(RATGenerator.java:1607) - VSM not a valid faction code in year 3150. See Pandion Combat WiGE[Tank].

21:12:11,605 WARN  [megamek.client.ratgenerator.RATGenerator] {RAT Generator unit populator}
megamek.client.ratgenerator.RATGenerator.parseChassisNode(RATGenerator.java:1607) - VSM not a valid faction code in year 3150. See Quicksilver Personal Sports Craft[Tank].

21:12:11,606 WARN  [megamek.client.ratgenerator.RATGenerator] {RAT Generator unit populator}
megamek.client.ratgenerator.RATGenerator.parseChassisNode(RATGenerator.java:1607) - VSM not a valid faction code in year 3150. See Raubvogel Aerobomber[Conventional Fighter].

21:12:11,613 WARN  [megamek.client.ratgenerator.RATGenerator] {RAT Generator unit populator}
megamek.client.ratgenerator.RATGenerator.parseChassisNode(RATGenerator.java:1607) - VSM not a valid faction code in year 3150. See Sturmvogel Gunship[Tank].

21:12:11,613 WARN  [megamek.client.ratgenerator.RATGenerator] {RAT Generator unit populator}
megamek.client.ratgenerator.RATGenerator.parseChassisNode(RATGenerator.java:1607) - VSM not a valid faction code in year 3150. See Sturmvogel Maritime Patrol WiGE[Tank].

21:12:11,613 WARN  [megamek.client.ratgenerator.RATGenerator] {RAT Generator unit populator}
megamek.client.ratgenerator.RATGenerator.parseChassisNode(RATGenerator.java:1607) - VSM not a valid faction code in year 3150. See Swallow Attack WIGE[Tank].

21:12:11,613 WARN  [megamek.client.ratgenerator.RATGenerator] {RAT Generator unit populator}
megamek.client.ratgenerator.RATGenerator.parseModelNode(RATGenerator.java:1682) - VSM not a valid faction code in year 3150. See model Swallow Attack WIGE.

21:12:11,613 WARN  [megamek.client.ratgenerator.RATGenerator] {RAT Generator unit populator}
megamek.client.ratgenerator.RATGenerator.parseModelNode(RATGenerator.java:1682) - VSM not a valid faction code in year 3150. See model Swallow Attack WIGE (Original).

21:12:11,618 WARN  [megamek.client.ratgenerator.RATGenerator] {RAT Generator unit populator}
megamek.client.ratgenerator.RATGenerator.parseChassisNode(RATGenerator.java:1607) - VSM not a valid faction code in year 3150. See Wurger Assault Craft[Small Craft].

21:12:11,649 ERROR [megamek.client.ratgenerator.RATGenerator] {RAT Generator unit populator}
megamek.client.ratgenerator.RATGenerator.loadEra(RATGenerator.java:1511) - Faction MalCon not found in data/forcegenerator/3160.xml

21:12:11,649 ERROR [megamek.client.ratgenerator.RATGenerator] {RAT Generator unit populator}
megamek.client.ratgenerator.RATGenerator.loadEra(RATGenerator.java:1511) - Faction VSM not found in data/forcegenerator/3160.xml

21:12:11,650 WARN  [megamek.client.ratgenerator.RATGenerator] {RAT Generator unit populator}
megamek.client.ratgenerator.RATGenerator.parseChassisNode(RATGenerator.java:1607) - VSM not a valid faction code in year 3160. See 'Astrolux' Staryacht[Small Craft].

21:12:11,652 ERROR [megamek.client.ratgenerator.RATGenerator] {RAT Generator unit populator}
megamek.client.ratgenerator.RATGenerator.parseModelNode(RATGenerator.java:1644) - Arondight Pocket Warship (Refit) not found.

21:12:11,653 ERROR [megamek.client.ratgenerator.RATGenerator] {RAT Generator unit populator}
megamek.client.ratgenerator.RATGenerator.parseModelNode(RATGenerator.java:1644) - Arondight Pocket Warship (SCC) not found.

21:12:11,654 WARN  [megamek.client.ratgenerator.RATGenerator] {RAT Generator unit populator}
megamek.client.ratgenerator.RATGenerator.parseChassisNode(RATGenerator.java:1607) - VSM not a valid faction code in year 3160. See Avanti Aerospace Airliner[Conventional Fighter].

21:12:11,661 WARN  [megamek.client.ratgenerator.RATGenerator] {RAT Generator unit populator}
megamek.client.ratgenerator.RATGenerator.parseChassisNode(RATGenerator.java:1607) - VSM not a valid faction code in year 3160. See Cardinal Transport[VTOL].

21:12:11,663 WARN  [megamek.client.ratgenerator.RATGenerator] {RAT Generator unit populator}
megamek.client.ratgenerator.RATGenerator.parseChassisNode(RATGenerator.java:1607) - VSM not a valid faction code in year 3160. See Coanda Personal Sports Craft[Tank].

21:12:11,667 WARN  [megamek.client.ratgenerator.RATGenerator] {RAT Generator unit populator}
megamek.client.ratgenerator.RATGenerator.parseChassisNode(RATGenerator.java:1607) - VSM not a valid faction code in year 3160. See Fensalir Combat WiGE[Tank].

21:12:11,668 WARN  [megamek.client.ratgenerator.RATGenerator] {RAT Generator unit populator}
megamek.client.ratgenerator.RATGenerator.parseModelNode(RATGenerator.java:1682) - VSM not a valid faction code in year 3160. See model Fensalir Combat WiGE.

21:12:11,669 WARN  [megamek.client.ratgenerator.RATGenerator] {RAT Generator unit populator}
megamek.client.ratgenerator.RATGenerator.parseModelNode(RATGenerator.java:1682) - VSM not a valid faction code in year 3160. See model Fensalir Combat WiGE (HAG).

21:12:11,669 WARN  [megamek.client.ratgenerator.RATGenerator] {RAT Generator unit populator}
megamek.client.ratgenerator.RATGenerator.parseModelNode(RATGenerator.java:1682) - VSM not a valid faction code in year 3160. See model Fensalir Combat WiGE (Infantry).

21:12:11,669 WARN  [megamek.client.ratgenerator.RATGenerator] {RAT Generator unit populator}
megamek.client.ratgenerator.RATGenerator.parseChassisNode(RATGenerator.java:1607) - VSM not a valid faction code in year 3160. See Ferret Light Scout VTOL[VTOL].

21:12:11,675 WARN  [megamek.client.ratgenerator.RATGenerator] {RAT Generator unit populator}
megamek.client.ratgenerator.RATGenerator.parseChassisNode(RATGenerator.java:1607) - VSM not a valid faction code in year 3160. See Jonah Submarine[Naval].

21:12:11,675 WARN  [megamek.client.ratgenerator.RATGenerator] {RAT Generator unit populator}
megamek.client.ratgenerator.RATGenerator.parseModelNode(RATGenerator.java:1682) - VSM not a valid faction code in year 3160. See model Jonah Submarine JN-002.

21:12:11,676 WARN  [megamek.client.ratgenerator.RATGenerator] {RAT Generator unit populator}
megamek.client.ratgenerator.RATGenerator.parseChassisNode(RATGenerator.java:1607) - VSM not a valid faction code in year 3160. See Karnov UR Transport[VTOL].

21:12:11,682 WARN  [megamek.client.ratgenerator.RATGenerator] {RAT Generator unit populator}
megamek.client.ratgenerator.RATGenerator.parseChassisNode(RATGenerator.java:1607) - VSM not a valid faction code in year 3160. See Neptune Submarine[Naval].

21:12:11,683 WARN  [megamek.client.ratgenerator.RATGenerator] {RAT Generator unit populator}
megamek.client.ratgenerator.RATGenerator.parseChassisNode(RATGenerator.java:1607) - VSM not a valid faction code in year 3160. See Nisos Attack WIGE[Tank].

21:12:11,684 WARN  [megamek.client.ratgenerator.RATGenerator] {RAT Generator unit populator}
megamek.client.ratgenerator.RATGenerator.parseChassisNode(RATGenerator.java:1607) - VSM not a valid faction code in year 3160. See Pandion Combat WiGE[Tank].

21:12:11,686 WARN  [megamek.client.ratgenerator.RATGenerator] {RAT Generator unit populator}
megamek.client.ratgenerator.RATGenerator.parseChassisNode(RATGenerator.java:1607) - VSM not a valid faction code in year 3160. See Quicksilver Personal Sports Craft[Tank].

21:12:11,686 WARN  [megamek.client.ratgenerator.RATGenerator] {RAT Generator unit populator}
megamek.client.ratgenerator.RATGenerator.parseChassisNode(RATGenerator.java:1607) - VSM not a valid faction code in year 3160. See Raubvogel Aerobomber[Conventional Fighter].

21:12:11,690 WARN  [megamek.client.ratgenerator.RATGenerator] {RAT Generator unit populator}
megamek.client.ratgenerator.RATGenerator.parseChassisNode(RATGenerator.java:1607) - VSM not a valid faction code in year 3160. See Sturmvogel Gunship[Tank].

21:12:11,690 WARN  [megamek.client.ratgenerator.RATGenerator] {RAT Generator unit populator}
megamek.client.ratgenerator.RATGenerator.parseChassisNode(RATGenerator.java:1607) - VSM not a valid faction code in year 3160. See Sturmvogel Maritime Patrol WiGE[Tank].

21:12:11,691 WARN  [megamek.client.ratgenerator.RATGenerator] {RAT Generator unit populator}
megamek.client.ratgenerator.RATGenerator.parseChassisNode(RATGenerator.java:1607) - VSM not a valid faction code in year 3160. See Swallow Attack WIGE[Tank].

21:12:11,691 WARN  [megamek.client.ratgenerator.RATGenerator] {RAT Generator unit populator}
megamek.client.ratgenerator.RATGenerator.parseModelNode(RATGenerator.java:1682) - VSM not a valid faction code in year 3160. See model Swallow Attack WIGE.

21:12:11,691 WARN  [megamek.client.ratgenerator.RATGenerator] {RAT Generator unit populator}
megamek.client.ratgenerator.RATGenerator.parseModelNode(RATGenerator.java:1682) - VSM not a valid faction code in year 3160. See model Swallow Attack WIGE (Original).

21:12:11,694 WARN  [megamek.client.ratgenerator.RATGenerator] {RAT Generator unit populator}
megamek.client.ratgenerator.RATGenerator.parseChassisNode(RATGenerator.java:1607) - VSM not a valid faction code in year 3160. See Wurger Assault Craft[Small Craft].

21:12:15,709 INFO  [megamek.client.ui.tileset.MekTileset] {SwingWorker-pool-2-thread-1}
megamek.client.ui.tileset.MekTileset.loadFromFile(MekTileset.java:352) - Loading unit icons from mekset.txt

21:12:15,753 INFO  [megamek.client.ui.tileset.MekTileset] {SwingWorker-pool-2-thread-1}
megamek.client.ui.tileset.MekTileset.loadFromFile(MekTileset.java:352) - Loading unit icons from localserver_mekset.txt

21:12:15,755 INFO  [megamek.client.ui.tileset.MekTileset] {SwingWorker-pool-2-thread-1}
megamek.client.ui.tileset.MekTileset.loadFromFile(MekTileset.java:352) - Loading unit icons from localclient_mekset.txt

21:12:15,915 INFO  [megamek.common.MMRandom] {SwingWorker-pool-2-thread-1}
megamek.common.MMRandom.generate(MMRandom.java:63) - Generating RNG type #1

21:12:16,367 INFO  [megamek.common.weapons.handlers.WeaponOrderHandler] {Thread-1}
megamek.common.weapons.handlers.WeaponOrderHandler.loadWeaponOrderFile(WeaponOrderHandler.java:259) - Parsing customWeaponOrder.xml
...Parsing finished.
	Total number of custom weapon order entries: 0

21:12:21,465 WARN  [megamek.client.ui.dialogs.buttonDialogs.CommonSettingsDialog] {SwingWorker-pool-2-thread-1}
megamek.client.ui.dialogs.buttonDialogs.CommonSettingsDialog.filteredFilesWithSubDirs(CommonSettingsDialog.java:3888) - Path /Users/stuart/Documents/GitHub/StrategosMekBay/MegaMekShare/data/universe/academies does not exist.

21:12:21,704 WARN  [megamek.common.loaders.MULParser] {SwingWorker-pool-2-thread-1}
megamek.common.loaders.MULParser.parse(MULParser.java:444) - Error restoring quirk: obsolete 2510.


21:12:21,707 WARN  [megamek.common.loaders.MULParser] {SwingWorker-pool-2-thread-1}
megamek.common.loaders.MULParser.parse(MULParser.java:444) - Error restoring quirk: obsolete 2510.


21:12:21,816 WARN  [megamek.common.loaders.MULParser] {SwingWorker-pool-2-thread-1}
megamek.common.loaders.MULParser.parse(MULParser.java:444) - Could not find the IS Ammo MG - Full equipment that was expected at index 0 of location 0.


21:12:21,818 WARN  [megamek.common.loaders.MULParser] {SwingWorker-pool-2-thread-1}
megamek.common.loaders.MULParser.parse(MULParser.java:444) - Could not find the IS Ammo MG - Full equipment that was expected at index 0 of location 0.


21:12:21,819 WARN  [megamek.common.loaders.MULParser] {SwingWorker-pool-2-thread-1}
megamek.common.loaders.MULParser.parse(MULParser.java:444) - Could not find the IS Ammo MG - Full equipment that was expected at index 0 of location 0.


21:12:21,819 WARN  [megamek.common.loaders.MULParser] {SwingWorker-pool-2-thread-1}
megamek.common.loaders.MULParser.parse(MULParser.java:444) - Could not find the IS Ammo MG - Full equipment that was expected at index 0 of location 0.


21:12:21,871 WARN  [megamek.common.equipment.ExternalCargo] {SwingWorker-pool-2-thread-1}
megamek.common.equipment.ExternalCargo.setGame(ExternalCargo.java:342) - External Cargo has no entity or entityId

21:12:21,906 WARN  [megamek.common.equipment.ExternalCargo] {SwingWorker-pool-2-thread-1}
megamek.common.equipment.ExternalCargo.setGame(ExternalCargo.java:342) - External Cargo has no entity or entityId

21:12:21,919 WARN  [megamek.common.equipment.ExternalCargo] {SwingWorker-pool-2-thread-1}
megamek.common.equipment.ExternalCargo.setGame(ExternalCargo.java:342) - External Cargo has no entity or entityId

21:12:21,927 WARN  [megamek.common.equipment.ExternalCargo] {SwingWorker-pool-2-thread-1}
megamek.common.equipment.ExternalCargo.setGame(ExternalCargo.java:342) - External Cargo has no entity or entityId

21:12:21,944 WARN  [megamek.common.equipment.ExternalCargo] {SwingWorker-pool-2-thread-1}
megamek.common.equipment.ExternalCargo.setGame(ExternalCargo.java:342) - External Cargo has no entity or entityId

21:12:21,957 WARN  [megamek.common.equipment.ExternalCargo] {SwingWorker-pool-2-thread-1}
megamek.common.equipment.ExternalCargo.setGame(ExternalCargo.java:342) - External Cargo has no entity or entityId

21:12:21,978 WARN  [megamek.common.equipment.ExternalCargo] {SwingWorker-pool-2-thread-1}
megamek.common.equipment.ExternalCargo.setGame(ExternalCargo.java:342) - External Cargo has no entity or entityId

21:12:21,982 WARN  [megamek.common.equipment.ExternalCargo] {SwingWorker-pool-2-thread-1}
megamek.common.equipment.ExternalCargo.setGame(ExternalCargo.java:342) - External Cargo has no entity or entityId

21:12:21,998 WARN  [megamek.common.loaders.MULParser] {SwingWorker-pool-2-thread-1}
megamek.common.loaders.MULParser.parse(MULParser.java:444) - Error restoring quirk: obsolete 2510.


21:12:21,999 WARN  [megamek.common.equipment.ExternalCargo] {SwingWorker-pool-2-thread-1}
megamek.common.equipment.ExternalCargo.setGame(ExternalCargo.java:342) - External Cargo has no entity or entityId

21:12:22,013 WARN  [megamek.common.loaders.MULParser] {SwingWorker-pool-2-thread-1}
megamek.common.loaders.MULParser.parse(MULParser.java:444) - Error restoring quirk: obsolete 2510.


21:12:22,013 WARN  [megamek.common.equipment.ExternalCargo] {SwingWorker-pool-2-thread-1}
megamek.common.equipment.ExternalCargo.setGame(ExternalCargo.java:342) - External Cargo has no entity or entityId

21:12:22,024 WARN  [megamek.common.equipment.ExternalCargo] {SwingWorker-pool-2-thread-1}
megamek.common.equipment.ExternalCargo.setGame(ExternalCargo.java:342) - External Cargo has no entity or entityId

21:12:22,047 WARN  [megamek.common.equipment.ExternalCargo] {SwingWorker-pool-2-thread-1}
megamek.common.equipment.ExternalCargo.setGame(ExternalCargo.java:342) - External Cargo has no entity or entityId

21:12:22,057 WARN  [megamek.common.equipment.ExternalCargo] {SwingWorker-pool-2-thread-1}
megamek.common.equipment.ExternalCargo.setGame(ExternalCargo.java:342) - External Cargo has no entity or entityId

21:12:22,064 WARN  [megamek.common.equipment.ExternalCargo] {SwingWorker-pool-2-thread-1}
megamek.common.equipment.ExternalCargo.setGame(ExternalCargo.java:342) - External Cargo has no entity or entityId

21:12:22,066 WARN  [megamek.common.equipment.ExternalCargo] {SwingWorker-pool-2-thread-1}
megamek.common.equipment.ExternalCargo.setGame(ExternalCargo.java:342) - External Cargo has no entity or entityId

21:12:22,070 WARN  [megamek.common.equipment.ExternalCargo] {SwingWorker-pool-2-thread-1}
megamek.common.equipment.ExternalCargo.setGame(ExternalCargo.java:342) - External Cargo has no entity or entityId

21:12:22,116 WARN  [megamek.common.equipment.ExternalCargo] {SwingWorker-pool-2-thread-1}
megamek.common.equipment.ExternalCargo.setGame(ExternalCargo.java:342) - External Cargo has no entity or entityId

21:12:22,124 WARN  [megamek.common.equipment.ExternalCargo] {SwingWorker-pool-2-thread-1}
megamek.common.equipment.ExternalCargo.setGame(ExternalCargo.java:342) - External Cargo has no entity or entityId

21:12:22,127 WARN  [megamek.common.equipment.ExternalCargo] {SwingWorker-pool-2-thread-1}
megamek.common.equipment.ExternalCargo.setGame(ExternalCargo.java:342) - External Cargo has no entity or entityId

21:12:22,130 WARN  [megamek.common.equipment.ExternalCargo] {SwingWorker-pool-2-thread-1}
megamek.common.equipment.ExternalCargo.setGame(ExternalCargo.java:342) - External Cargo has no entity or entityId

21:12:22,618 WARN  [megamek.common.equipment.ExternalCargo] {SwingWorker-pool-2-thread-1}
megamek.common.equipment.ExternalCargo.setGame(ExternalCargo.java:342) - External Cargo has no entity or entityId

21:12:22,650 WARN  [megamek.common.equipment.ExternalCargo] {SwingWorker-pool-2-thread-1}
megamek.common.equipment.ExternalCargo.setGame(ExternalCargo.java:342) - External Cargo has no entity or entityId

21:12:22,661 WARN  [megamek.common.equipment.ExternalCargo] {SwingWorker-pool-2-thread-1}
megamek.common.equipment.ExternalCargo.setGame(ExternalCargo.java:342) - External Cargo has no entity or entityId

21:12:22,699 WARN  [megamek.common.equipment.ExternalCargo] {SwingWorker-pool-2-thread-1}
megamek.common.equipment.ExternalCargo.setGame(ExternalCargo.java:342) - External Cargo has no entity or entityId

21:12:22,713 WARN  [megamek.common.equipment.ExternalCargo] {SwingWorker-pool-2-thread-1}
megamek.common.equipment.ExternalCargo.setGame(ExternalCargo.java:342) - External Cargo has no entity or entityId

21:12:22,718 WARN  [megamek.common.equipment.ExternalCargo] {SwingWorker-pool-2-thread-1}
megamek.common.equipment.ExternalCargo.setGame(ExternalCargo.java:342) - External Cargo has no entity or entityId

21:12:22,720 WARN  [megamek.common.equipment.ExternalCargo] {SwingWorker-pool-2-thread-1}
megamek.common.equipment.ExternalCargo.setGame(ExternalCargo.java:342) - External Cargo has no entity or entityId

21:12:22,737 WARN  [megamek.common.equipment.ExternalCargo] {SwingWorker-pool-2-thread-1}
megamek.common.equipment.ExternalCargo.setGame(ExternalCargo.java:342) - External Cargo has no entity or entityId

21:12:22,740 WARN  [megamek.common.equipment.ExternalCargo] {SwingWorker-pool-2-thread-1}
megamek.common.equipment.ExternalCargo.setGame(ExternalCargo.java:342) - External Cargo has no entity or entityId

21:12:22,747 WARN  [megamek.common.equipment.ExternalCargo] {SwingWorker-pool-2-thread-1}
megamek.common.equipment.ExternalCargo.setGame(ExternalCargo.java:342) - External Cargo has no entity or entityId

21:12:22,756 WARN  [megamek.common.equipment.ExternalCargo] {SwingWorker-pool-2-thread-1}
megamek.common.equipment.ExternalCargo.setGame(ExternalCargo.java:342) - External Cargo has no entity or entityId

21:12:22,801 WARN  [megamek.common.equipment.ExternalCargo] {SwingWorker-pool-2-thread-1}
megamek.common.equipment.ExternalCargo.setGame(ExternalCargo.java:342) - External Cargo has no entity or entityId

21:12:22,808 WARN  [megamek.common.equipment.ExternalCargo] {SwingWorker-pool-2-thread-1}
megamek.common.equipment.ExternalCargo.setGame(ExternalCargo.java:342) - External Cargo has no entity or entityId

21:12:22,816 WARN  [megamek.common.equipment.ExternalCargo] {SwingWorker-pool-2-thread-1}
megamek.common.equipment.ExternalCargo.setGame(ExternalCargo.java:342) - External Cargo has no entity or entityId

21:12:22,822 WARN  [megamek.common.equipment.ExternalCargo] {SwingWorker-pool-2-thread-1}
megamek.common.equipment.ExternalCargo.setGame(ExternalCargo.java:342) - External Cargo has no entity or entityId

21:12:22,827 WARN  [megamek.common.equipment.ExternalCargo] {SwingWorker-pool-2-thread-1}
megamek.common.equipment.ExternalCargo.setGame(ExternalCargo.java:342) - External Cargo has no entity or entityId

21:12:22,830 WARN  [megamek.common.equipment.ExternalCargo] {SwingWorker-pool-2-thread-1}
megamek.common.equipment.ExternalCargo.setGame(ExternalCargo.java:342) - External Cargo has no entity or entityId

21:12:22,865 WARN  [megamek.common.loaders.MULParser] {SwingWorker-pool-2-thread-1}
megamek.common.loaders.MULParser.parse(MULParser.java:444) - Could not find the IS Ammo MG - Full equipment that was expected at index 0 of location 0.


21:12:22,866 WARN  [megamek.common.equipment.ExternalCargo] {SwingWorker-pool-2-thread-1}
megamek.common.equipment.ExternalCargo.setGame(ExternalCargo.java:342) - External Cargo has no entity or entityId

21:12:22,898 WARN  [megamek.common.loaders.MULParser] {SwingWorker-pool-2-thread-1}
megamek.common.loaders.MULParser.parse(MULParser.java:444) - Could not find the IS Ammo MG - Full equipment that was expected at index 0 of location 0.


21:12:22,898 WARN  [megamek.common.equipment.ExternalCargo] {SwingWorker-pool-2-thread-1}
megamek.common.equipment.ExternalCargo.setGame(ExternalCargo.java:342) - External Cargo has no entity or entityId

21:12:22,900 WARN  [megamek.common.loaders.MULParser] {SwingWorker-pool-2-thread-1}
megamek.common.loaders.MULParser.parse(MULParser.java:444) - Could not find the IS Ammo MG - Full equipment that was expected at index 0 of location 0.


21:12:22,900 WARN  [megamek.common.equipment.ExternalCargo] {SwingWorker-pool-2-thread-1}
megamek.common.equipment.ExternalCargo.setGame(ExternalCargo.java:342) - External Cargo has no entity or entityId

21:12:22,901 WARN  [megamek.common.loaders.MULParser] {SwingWorker-pool-2-thread-1}
megamek.common.loaders.MULParser.parse(MULParser.java:444) - Could not find the IS Ammo MG - Full equipment that was expected at index 0 of location 0.


21:12:22,901 WARN  [megamek.common.equipment.ExternalCargo] {SwingWorker-pool-2-thread-1}
megamek.common.equipment.ExternalCargo.setGame(ExternalCargo.java:342) - External Cargo has no entity or entityId

21:12:22,905 WARN  [megamek.common.equipment.ExternalCargo] {SwingWorker-pool-2-thread-1}
megamek.common.equipment.ExternalCargo.setGame(ExternalCargo.java:342) - External Cargo has no entity or entityId

21:12:22,911 WARN  [megamek.common.equipment.ExternalCargo] {SwingWorker-pool-2-thread-1}
megamek.common.equipment.ExternalCargo.setGame(ExternalCargo.java:342) - External Cargo has no entity or entityId

21:12:22,915 WARN  [megamek.common.equipment.ExternalCargo] {SwingWorker-pool-2-thread-1}
megamek.common.equipment.ExternalCargo.setGame(ExternalCargo.java:342) - External Cargo has no entity or entityId

21:12:22,920 WARN  [megamek.common.equipment.ExternalCargo] {SwingWorker-pool-2-thread-1}
megamek.common.equipment.ExternalCargo.setGame(ExternalCargo.java:342) - External Cargo has no entity or entityId

21:12:22,934 WARN  [megamek.common.equipment.ExternalCargo] {SwingWorker-pool-2-thread-1}
megamek.common.equipment.ExternalCargo.setGame(ExternalCargo.java:342) - External Cargo has no entity or entityId

21:12:22,951 WARN  [megamek.common.equipment.ExternalCargo] {SwingWorker-pool-2-thread-1}
megamek.common.equipment.ExternalCargo.setGame(ExternalCargo.java:342) - External Cargo has no entity or entityId

21:12:22,964 WARN  [megamek.common.equipment.ExternalCargo] {SwingWorker-pool-2-thread-1}
megamek.common.equipment.ExternalCargo.setGame(ExternalCargo.java:342) - External Cargo has no entity or entityId

21:12:22,972 WARN  [megamek.common.equipment.ExternalCargo] {SwingWorker-pool-2-thread-1}
megamek.common.equipment.ExternalCargo.setGame(ExternalCargo.java:342) - External Cargo has no entity or entityId

21:12:22,983 WARN  [megamek.common.equipment.ExternalCargo] {SwingWorker-pool-2-thread-1}
megamek.common.equipment.ExternalCargo.setGame(ExternalCargo.java:342) - External Cargo has no entity or entityId

21:12:22,997 WARN  [megamek.common.equipment.ExternalCargo] {SwingWorker-pool-2-thread-1}
megamek.common.equipment.ExternalCargo.setGame(ExternalCargo.java:342) - External Cargo has no entity or entityId

21:12:23,284 WARN  [megamek.client.ui.dialogs.buttonDialogs.CommonSettingsDialog] {SwingWorker-pool-2-thread-1}
megamek.client.ui.dialogs.buttonDialogs.CommonSettingsDialog.filteredFilesWithSubDirs(CommonSettingsDialog.java:3888) - Path /Users/stuart/Documents/GitHub/StrategosMekBay/MegaMekShare/data/universe/awards does not exist.

21:12:31,004 INFO  [megamek.client.ui.tileset.MekTileset] {AWT-EventQueue-0}
megamek.client.ui.tileset.MekTileset.loadFromFile(MekTileset.java:352) - Loading unit icons from wreckset.txt

21:12:31,036 INFO  [megamek.client.ui.tileset.MekTileset] {AWT-EventQueue-0}
megamek.client.ui.tileset.MekTileset.loadFromFile(MekTileset.java:352) - Loading unit icons from localclient_wreckset.txt

21:12:31,133 INFO  [megamek.client.ui.tileset.HexTileset] {AWT-EventQueue-0}
megamek.client.ui.tileset.HexTileset.loadFromFile(HexTileset.java:363) - HexTileset saxarba.tileset loaded in 92ms.

21:12:32,494 INFO  [megamek.common.util.ImageUtil] {AWT-EventQueue-0}
megamek.common.util.ImageUtil$TileMapImageLoader.loadImage(ImageUtil.java:395) - Loading atlas: data/images/universe/planets.png

21:12:50,804 ERROR [megamek.common.loaders.MekFileParser] {Thread-1}
megamek.common.loaders.MekFileParser.postLoadInit(MekFileParser.java:362) - Unable to match RISC Laser Pulse Module to laser for Rifleman RFL-8X RISC

21:12:50,823 ERROR [megamek.common.loaders.MekFileParser] {Thread-1}
megamek.common.loaders.MekFileParser.postLoadInit(MekFileParser.java:362) - Unable to match RISC Laser Pulse Module to laser for Rifleman RFL-8X RISC

21:12:50,934 ERROR [megamek.common.loaders.MekFileParser] {Thread-1}
megamek.common.loaders.MekFileParser.postLoadInit(MekFileParser.java:362) - Unable to match RISC Laser Pulse Module to laser for Rifleman RFL-8X RISC

21:12:50,934 ERROR [megamek.common.loaders.MekFileParser] {Thread-1}
megamek.common.loaders.MekFileParser.postLoadInit(MekFileParser.java:362) - Unable to match RISC Laser Pulse Module to laser for Rifleman RFL-8X RISC

