21:11:50,444 INFO  [megamek.MegaMek] {main}
megamek.MegaMek.initializeLogging(MegaMek.java:195) - Starting MegaMek v0.51.00
    Build Date: 2026-06-06T11:16:58.662803800
    Today: 2026-07-13
    Origin Project: MekHQ
    Java Vendor: Eclipse Adoptium
    Java Version: 21.0.11
    Platform: Mac OS X 26.5.2 (x86_64)
    System Locale: en_GB
    Total memory available to MegaMek: 4 GB
    MM Code Revision: e601296070cf8b126389c24f3022c02876a9ac88
    MML Code Revision: 82b32de99480425261233359c932f4c8927c58c0
    MHQ Code Revision: e08a0129915bfd3efbec875a5827cced258c9125


21:11:50,449 INFO  [megameklab.MegaMekLab] {main}
megameklab.MegaMekLab.initializeLogging(MegaMekLab.java:207) - Starting MegaMekLab v0.51.00
    Build Date: 2026-06-06T11:16:58.662803800
    Today: 2026-07-13
    Origin Project: MekHQ
    Java Vendor: Eclipse Adoptium
    Java Version: 21.0.11
    Platform: Mac OS X 26.5.2 (x86_64)
    System Locale: en_GB
    Total memory available to MegaMekLab: 4 GB
    MM Code Revision: e601296070cf8b126389c24f3022c02876a9ac88
    MML Code Revision: 82b32de99480425261233359c932f4c8927c58c0
    MHQ Code Revision: e08a0129915bfd3efbec875a5827cced258c9125


21:11:50,452 INFO  [mekhq.MekHQ] {main}
mekhq.MekHQ.initializeLogging(MekHQ.java:410) - Starting MekHQ v0.51.00
    Build Date: 2026-06-06T11:16:58.662803800
    Today: 2026-07-13
    Origin Project: MekHQ
    Java Vendor: Eclipse Adoptium
    Java Version: 21.0.11
    Platform: Mac OS X 26.5.2 (x86_64)
    System Locale: en_GB
    Total memory available to MekHQ: 4 GB
    MM Code Revision: e601296070cf8b126389c24f3022c02876a9ac88
    MML Code Revision: 82b32de99480425261233359c932f4c8927c58c0
    MHQ Code Revision: e08a0129915bfd3efbec875a5827cced258c9125


21:11:50,456 INFO  [megamek.client.ui.util.FontHandler] {main}
megamek.client.ui.util.FontHandler.initializeFonts(FontHandler.java:129) - Loading fonts from data/fonts/

21:11:53,848 INFO  [megamek.client.ui.util.FontHandler] {main}
megamek.client.ui.util.FontHandler.initializeFonts(FontHandler.java:134) - Loading fonts from /Users/stuart/Documents/GitHub/StrategosMekBay/MegaMekShare

21:11:54,028 INFO  [megamek.client.ui.util.FontHandler] {main}
megamek.client.ui.util.FontHandler.initializeFonts(FontHandler.java:138) - Loading fonts from Java's GraphicsEnvironment

21:11:54,215 INFO  [mekhq.MekHQ] {main}
mekhq.MekHQ.main(MekHQ.java:406) - []

21:11:54,217 INFO  [megamek.client.ui.preferences.SuitePreferences] {AWT-EventQueue-0}
megamek.client.ui.preferences.SuitePreferences.loadFromFile(SuitePreferences.java:145) - Loading user preferences from: mmconf/mm.preferences

21:11:54,247 INFO  [megamek.client.ui.preferences.SuitePreferences] {AWT-EventQueue-0}
megamek.client.ui.preferences.SuitePreferences.loadFromFile(SuitePreferences.java:145) - Loading user preferences from: mmconf/mml.preferences

21:11:54,255 INFO  [megamek.client.ui.preferences.SuitePreferences] {AWT-EventQueue-0}
megamek.client.ui.preferences.SuitePreferences.loadFromFile(SuitePreferences.java:145) - Loading user preferences from: mmconf/mhq.preferences

21:12:03,793 INFO  [mekhq.campaign.finances.CurrencyManager] {SwingWorker-pool-2-thread-1}
mekhq.campaign.finances.CurrencyManager.registerCurrencies(CurrencyManager.java:203) - Starting load currency information from XML...

21:12:03,942 INFO  [mekhq.campaign.finances.CurrencyManager] {SwingWorker-pool-2-thread-1}
mekhq.campaign.finances.CurrencyManager.registerCurrencies(CurrencyManager.java:296) - Load of currency information complete!

21:12:04,342 INFO  [mekhq.campaign.personnel.ranks.Ranks] {SwingWorker-pool-2-thread-1}
mekhq.campaign.personnel.ranks.Ranks.initializeRankSystems(Ranks.java:148) - Starting Rank Systems XML load...

21:12:04,583 INFO  [mekhq.campaign.personnel.ranks.Ranks] {SwingWorker-pool-2-thread-1}
mekhq.campaign.personnel.ranks.Ranks.initializeRankSystems(Ranks.java:186) - Completed Rank System XML Load

21:12:06,112 INFO  [mekhq.campaign.universe.Factions] {SwingWorker-pool-2-thread-1}
mekhq.campaign.universe.Factions.loadDefault(Factions.java:201) - Starting load of faction data from XML...

21:12:06,116 INFO  [megamek.common.universe.Factions2] {SwingWorker-pool-2-thread-1}
megamek.common.universe.Factions2.loadFactionsFromFile(Factions2.java:161) - Loading Faction and Command data...

21:12:07,700 WARN  [megamek.common.universe.Factions2] {SwingWorker-pool-2-thread-1}
megamek.common.universe.Factions2.loadFactionsFromDirectory(Factions2.java:194) - Cannot load factions from /Users/stuart/Documents/GitHub/StrategosMekBay/MegaMekShare/data/universe/factions (directory not present or not a directory)

21:12:07,715 WARN  [megamek.common.universe.Factions2] {SwingWorker-pool-2-thread-1}
megamek.common.universe.Factions2.loadFactionsFromDirectory(Factions2.java:194) - Cannot load factions from /Users/stuart/Documents/GitHub/StrategosMekBay/MegaMekShare/data/universe/commands (directory not present or not a directory)

21:12:07,716 INFO  [megamek.common.universe.Factions2] {SwingWorker-pool-2-thread-1}
megamek.common.universe.Factions2.loadFactionsFromFile(Factions2.java:170) - Loaded a total of 415 factions and commands

21:12:07,834 INFO  [mekhq.campaign.universe.Factions] {SwingWorker-pool-2-thread-1}
mekhq.campaign.universe.Factions.loadDefault(Factions.java:203) - Loaded a total of 415 factions

21:12:08,230 INFO  [mekhq.campaign.personnel.Bloodname] {SwingWorker-pool-2-thread-1}
mekhq.campaign.personnel.Bloodname.loadBloodnameData(Bloodname.java:481) - Loaded 805 Bloodname records.

21:12:08,246 INFO  [mekhq.campaign.universe.Systems] {SwingWorker-pool-2-thread-1}
mekhq.campaign.universe.Systems.loadDefault(Systems.java:306) - Starting load of system data from YAML...

21:12:08,487 ERROR [megamek.common.loaders.MekFileParser] {Mek Cache Loader}
megamek.common.loaders.MekFileParser.<init>(MekFileParser.java:134) - 
megamek.common.loaders.EntityLoadingException: Could not find name block.
	at megamek.common.loaders.BLKFile.setBasicEntityData(BLKFile.java:121)
	at megamek.common.loaders.BLKMekFile.getEntity(BLKMekFile.java:103)
	at megamek.common.loaders.MekFileParser.parse(MekFileParser.java:245)
	at megamek.common.loaders.MekFileParser.<init>(MekFileParser.java:132)
	at megamek.common.loaders.MekSummaryCache.loadMeksFromZipFile(MekSummaryCache.java:1124)
	at megamek.common.loaders.MekSummaryCache.loadMeksFromDirectory(MekSummaryCache.java:1031)
	at megamek.common.loaders.MekSummaryCache.loadMeksFromDirectory(MekSummaryCache.java:1023)
	at megamek.common.loaders.MekSummaryCache.loadMeksFromDirectory(MekSummaryCache.java:1023)
	at megamek.common.loaders.MekSummaryCache.loadMeksFromDirectory(MekSummaryCache.java:1023)
	at megamek.common.loaders.MekSummaryCache.checkForChanges(MekSummaryCache.java:405)
	at megamek.common.loaders.MekSummaryCache.loadMekData(MekSummaryCache.java:363)
	at megamek.common.loaders.MekSummaryCache.runLoad(MekSummaryCache.java:212)
	at megamek.common.loaders.MekSummaryCache.lambda$startLoadLocked$0(MekSummaryCache.java:203)
	at java.base/java.lang.Thread.run(Thread.java:1583)

21:12:10,636 ERROR [megamek.client.ratgenerator.RATGenerator] {RAT Generator unit populator}
megamek.client.ratgenerator.RATGenerator.parseModelNode(RATGenerator.java:1644) - Arondight Pocket Warship (SCC) not found.

21:12:10,757 ERROR [megamek.client.ratgenerator.RATGenerator] {RAT Generator unit populator}
megamek.client.ratgenerator.RATGenerator.parseModelNode(RATGenerator.java:1644) - Arondight Pocket Warship (SCC) not found.

21:12:10,818 ERROR [megamek.client.ratgenerator.RATGenerator] {RAT Generator unit populator}
megamek.client.ratgenerator.RATGenerator.parseModelNode(RATGenerator.java:1644) - Arondight Pocket Warship (Refit) not found.

21:12:10,819 ERROR [megamek.client.ratgenerator.RATGenerator] {RAT Generator unit populator}
megamek.client.ratgenerator.RATGenerator.parseModelNode(RATGenerator.java:1644) - Arondight Pocket Warship (SCC) not found.

21:12:10,924 ERROR [megamek.client.ratgenerator.RATGenerator] {RAT Generator unit populator}
megamek.client.ratgenerator.RATGenerator.parseModelNode(RATGenerator.java:1644) - Arondight Pocket Warship (Refit) not found.

21:12:10,925 ERROR [megamek.client.ratgenerator.RATGenerator] {RAT Generator unit populator}
megamek.client.ratgenerator.RATGenerator.parseModelNode(RATGenerator.java:1644) - Arondight Pocket Warship (SCC) not found.

21:12:11,012 ERROR [megamek.client.ratgenerator.RATGenerator] {RAT Generator unit populator}
megamek.client.ratgenerator.RATGenerator.parseModelNode(RATGenerator.java:1644) - Arondight Pocket Warship (Refit) not found.

21:12:11,012 ERROR [megamek.client.ratgenerator.RATGenerator] {RAT Generator unit populator}
megamek.client.ratgenerator.RATGenerator.parseModelNode(RATGenerator.java:1644) - Arondight Pocket Warship (SCC) not found.

21:12:11,084 ERROR [megamek.client.ratgenerator.RATGenerator] {RAT Generator unit populator}
megamek.client.ratgenerator.RATGenerator.parseModelNode(RATGenerator.java:1644) - Arondight Pocket Warship (Refit) not found.

21:12:11,085 ERROR [megamek.client.ratgenerator.RATGenerator] {RAT Generator unit populator}
megamek.client.ratgenerator.RATGenerator.parseModelNode(RATGenerator.java:1644) - Arondight Pocket Warship (SCC) not found.

21:12:11,441 ERROR [megamek.client.ratgenerator.RATGenerator] {RAT Generator unit populator}
megamek.client.ratgenerator.RATGenerator.parseModelNode(RATGenerator.java:1644) - Arondight Pocket Warship (Refit) not found.

21:12:11,451 ERROR [megamek.client.ratgenerator.RATGenerator] {RAT Generator unit populator}
megamek.client.ratgenerator.RATGenerator.parseModelNode(RATGenerator.java:1644) - Arondight Pocket Warship (SCC) not found.

21:12:11,526 ERROR [megamek.client.ratgenerator.RATGenerator] {RAT Generator unit populator}
megamek.client.ratgenerator.RATGenerator.loadEra(RATGenerator.java:1511) - Faction MalCon not found in data/forcegenerator/3150.xml

21:12:11,526 ERROR [megamek.client.ratgenerator.RATGenerator] {RAT Generator unit populator}
megamek.client.ratgenerator.RATGenerator.loadEra(RATGenerator.java:1511) - Faction VSM not found in data/forcegenerator/3150.xml

21:12:11,527 WARN  [megamek.client.ratgenerator.RATGenerator] {RAT Generator unit populator}
megamek.client.ratgenerator.RATGenerator.parseChassisNode(RATGenerator.java:1607) - VSM not a valid faction code in year 3150. See 'Astrolux' Staryacht[Small Craft].

21:12:11,533 ERROR [megamek.client.ratgenerator.RATGenerator] {RAT Generator unit populator}
megamek.client.ratgenerator.RATGenerator.parseModelNode(RATGenerator.java:1644) - Arondight Pocket Warship (Refit) not found.

21:12:11,534 ERROR [megamek.client.ratgenerator.RATGenerator] {RAT Generator unit populator}
megamek.client.ratgenerator.RATGenerator.parseModelNode(RATGenerator.java:1644) - Arondight Pocket Warship (SCC) not found.

21:12:11,534 WARN  [megamek.client.ratgenerator.RATGenerator] {RAT Generator unit populator}
megamek.client.ratgenerator.RATGenerator.parseChassisNode(RATGenerator.java:1607) - VSM not a valid faction code in year 3150. See Avanti Aerospace Airliner[Conventional Fighter].

21:12:11,548 WARN  [megamek.client.ratgenerator.RATGenerator] {RAT Generator unit populator}
megamek.client.ratgenerator.RATGenerator.parseChassisNode(RATGenerator.java:1607) - VSM not a valid faction code in year 3150. See Cardinal Transport[VTOL].

21:12:11,559 WARN  [megamek.client.ratgenerator.RATGenerator] {RAT Generator unit populator}
megamek.client.ratgenerator.RATGenerator.parseChassisNode(RATGenerator.java:1607) - VSM not a valid faction code in year 3150. See Coanda Personal Sports Craft[Tank].

21:12:11,562 WARN  [megamek.client.ratgenerator.RATGenerator] {RAT Generator unit populator}
megamek.client.ratgenerator.RATGenerator.parseChassisNode(RATGenerator.java:1607) - VSM not a valid faction code in year 3150. See Fensalir Combat WiGE[Tank].

21:12:11,563 WARN  [megamek.client.ratgenerator.RATGenerator] {RAT Generator unit populator}
megamek.client.ratgenerator.RATGenerator.parseModelNode(RATGenerator.java:1682) - VSM not a valid faction code in year 3150. See model Fensalir Combat WiGE.

21:12:11,565 WARN  [megamek.client.ratgenerator.RATGenerator] {RAT Generator unit populator}
megamek.client.ratgenerator.RATGenerator.parseModelNode(RATGenerator.java:1682) - VSM not a valid faction code in year 3150. See model Fensalir Combat WiGE (HAG).

21:12:11,565 WARN  [megamek.client.ratgenerator.RATGenerator] {RAT Generator unit populator}
megamek.client.ratgenerator.RATGenerator.parseModelNode(RATGenerator.java:1682) - VSM not a valid faction code in year 3150. See model Fensalir Combat WiGE (Infantry).

21:12:11,565 WARN  [megamek.client.ratgenerator.RATGenerator] {RAT Generator unit populator}
megamek.client.ratgenerator.RATGenerator.parseChassisNode(RATGenerator.java:1607) - VSM not a valid faction code in year 3150. See Ferret Light Scout VTOL[VTOL].

21:12:11,594 WARN  [megamek.client.ratgenerator.RATGenerator] {RAT Generator unit populator}
megamek.client.ratgenerator.RATGenerator.parseChassisNode(RATGenerator.java:1607) - VSM not a valid faction code in year 3150. See Jonah Submarine[Naval].

21:12:11,594 WARN  [megamek.client.ratgenerator.RATGenerator] {RAT Generator unit populator}
megamek.client.ratgenerator.RATGenerator.parseModelNode(RATGenerator.java:1682) - VSM not a valid faction code in year 3150. See model Jonah Submarine JN-002.

21:12:11,596 WARN  [megamek.client.ratgenerator.RATGenerator] {RAT Generator unit populator}
megamek.client.ratgenerator.RATGenerator.parseChassisNode(RATGenerator.java:1607) - VSM not a valid faction code in year 3150. See Karnov UR Transport[VTOL].

21:12:11,603 WARN  [megamek.client.ratgenerator.RATGenerator] {RAT Generator unit populator}
megamek.client.ratgenerator.RATGenerator.parseChassisNode(RATGenerator.java:1607) - VSM not a valid faction code in year 3150. See Pandion Combat WiGE[Tank].

21:12:11,605 WARN  [megamek.client.ratgenerator.RATGenerator] {RAT Generator unit populator}
megamek.client.ratgenerator.RATGenerator.parseChassisNode(RATGenerator.java:1607) - VSM not a valid faction code in year 3150. See Quicksilver Personal Sports Craft[Tank].

21:12:11,606 WARN  [megamek.client.ratgenerator.RATGenerator] {RAT Generator unit populator}
megamek.client.ratgenerator.RATGenerator.parseChassisNode(RATGenerator.java:1607) - VSM not a valid faction code in year 3150. See Raubvogel Aerobomber[Conventional Fighter].

21:12:11,613 WARN  [megamek.client.ratgenerator.RATGenerator] {RAT Generator unit populator}
megamek.client.ratgenerator.RATGenerator.parseChassisNode(RATGenerator.java:1607) - VSM not a valid faction code in year 3150. See Sturmvogel Gunship[Tank].

21:12:11,613 WARN  [megamek.client.ratgenerator.RATGenerator] {RAT Generator unit populator}
megamek.client.ratgenerator.RATGenerator.parseChassisNode(RATGenerator.java:1607) - VSM not a valid faction code in year 3150. See Sturmvogel Maritime Patrol WiGE[Tank].

21:12:11,613 WARN  [megamek.client.ratgenerator.RATGenerator] {RAT Generator unit populator}
megamek.client.ratgenerator.RATGenerator.parseChassisNode(RATGenerator.java:1607) - VSM not a valid faction code in year 3150. See Swallow Attack WIGE[Tank].

21:12:11,613 WARN  [megamek.client.ratgenerator.RATGenerator] {RAT Generator unit populator}
megamek.client.ratgenerator.RATGenerator.parseModelNode(RATGenerator.java:1682) - VSM not a valid faction code in year 3150. See model Swallow Attack WIGE.

21:12:11,613 WARN  [megamek.client.ratgenerator.RATGenerator] {RAT Generator unit populator}
megamek.client.ratgenerator.RATGenerator.parseModelNode(RATGenerator.java:1682) - VSM not a valid faction code in year 3150. See model Swallow Attack WIGE (Original).

21:12:11,618 WARN  [megamek.client.ratgenerator.RATGenerator] {RAT Generator unit populator}
megamek.client.ratgenerator.RATGenerator.parseChassisNode(RATGenerator.java:1607) - VSM not a valid faction code in year 3150. See Wurger Assault Craft[Small Craft].

21:12:11,649 ERROR [megamek.client.ratgenerator.RATGenerator] {RAT Generator unit populator}
megamek.client.ratgenerator.RATGenerator.loadEra(RATGenerator.java:1511) - Faction MalCon not found in data/forcegenerator/3160.xml

21:12:11,649 ERROR [megamek.client.ratgenerator.RATGenerator] {RAT Generator unit populator}
megamek.client.ratgenerator.RATGenerator.loadEra(RATGenerator.java:1511) - Faction VSM not found in data/forcegenerator/3160.xml

21:12:11,650 WARN  [megamek.client.ratgenerator.RATGenerator] {RAT Generator unit populator}
megamek.client.ratgenerator.RATGenerator.parseChassisNode(RATGenerator.java:1607) - VSM not a valid faction code in year 3160. See 'Astrolux' Staryacht[Small Craft].

21:12:11,652 ERROR [megamek.client.ratgenerator.RATGenerator] {RAT Generator unit populator}
megamek.client.ratgenerator.RATGenerator.parseModelNode(RATGenerator.java:1644) - Arondight Pocket Warship (Refit) not found.

21:12:11,653 ERROR [megamek.client.ratgenerator.RATGenerator] {RAT Generator unit populator}
megamek.client.ratgenerator.RATGenerator.parseModelNode(RATGenerator.java:1644) - Arondight Pocket Warship (SCC) not found.

21:12:11,654 WARN  [megamek.client.ratgenerator.RATGenerator] {RAT Generator unit populator}
megamek.client.ratgenerator.RATGenerator.parseChassisNode(RATGenerator.java:1607) - VSM not a valid faction code in year 3160. See Avanti Aerospace Airliner[Conventional Fighter].

21:12:11,661 WARN  [megamek.client.ratgenerator.RATGenerator] {RAT Generator unit populator}
megamek.client.ratgenerator.RATGenerator.parseChassisNode(RATGenerator.java:1607) - VSM not a valid faction code in year 3160. See Cardinal Transport[VTOL].

21:12:11,663 WARN  [megamek.client.ratgenerator.RATGenerator] {RAT Generator unit populator}
megamek.client.ratgenerator.RATGenerator.parseChassisNode(RATGenerator.java:1607) - VSM not a valid faction code in year 3160. See Coanda Personal Sports Craft[Tank].

21:12:11,667 WARN  [megamek.client.ratgenerator.RATGenerator] {RAT Generator unit populator}
megamek.client.ratgenerator.RATGenerator.parseChassisNode(RATGenerator.java:1607) - VSM not a valid faction code in year 3160. See Fensalir Combat WiGE[Tank].

21:12:11,668 WARN  [megamek.client.ratgenerator.RATGenerator] {RAT Generator unit populator}
megamek.client.ratgenerator.RATGenerator.parseModelNode(RATGenerator.java:1682) - VSM not a valid faction code in year 3160. See model Fensalir Combat WiGE.

21:12:11,669 WARN  [megamek.client.ratgenerator.RATGenerator] {RAT Generator unit populator}
megamek.client.ratgenerator.RATGenerator.parseModelNode(RATGenerator.java:1682) - VSM not a valid faction code in year 3160. See model Fensalir Combat WiGE (HAG).

21:12:11,669 WARN  [megamek.client.ratgenerator.RATGenerator] {RAT Generator unit populator}
megamek.client.ratgenerator.RATGenerator.parseModelNode(RATGenerator.java:1682) - VSM not a valid faction code in year 3160. See model Fensalir Combat WiGE (Infantry).

21:12:11,669 WARN  [megamek.client.ratgenerator.RATGenerator] {RAT Generator unit populator}
megamek.client.ratgenerator.RATGenerator.parseChassisNode(RATGenerator.java:1607) - VSM not a valid faction code in year 3160. See Ferret Light Scout VTOL[VTOL].

21:12:11,675 WARN  [megamek.client.ratgenerator.RATGenerator] {RAT Generator unit populator}
megamek.client.ratgenerator.RATGenerator.parseChassisNode(RATGenerator.java:1607) - VSM not a valid faction code in year 3160. See Jonah Submarine[Naval].

21:12:11,675 WARN  [megamek.client.ratgenerator.RATGenerator] {RAT Generator unit populator}
megamek.client.ratgenerator.RATGenerator.parseModelNode(RATGenerator.java:1682) - VSM not a valid faction code in year 3160. See model Jonah Submarine JN-002.

21:12:11,676 WARN  [megamek.client.ratgenerator.RATGenerator] {RAT Generator unit populator}
megamek.client.ratgenerator.RATGenerator.parseChassisNode(RATGenerator.java:1607) - VSM not a valid faction code in year 3160. See Karnov UR Transport[VTOL].

21:12:11,682 WARN  [megamek.client.ratgenerator.RATGenerator] {RAT Generator unit populator}
megamek.client.ratgenerator.RATGenerator.parseChassisNode(RATGenerator.java:1607) - VSM not a valid faction code in year 3160. See Neptune Submarine[Naval].

21:12:11,683 WARN  [megamek.client.ratgenerator.RATGenerator] {RAT Generator unit populator}
megamek.client.ratgenerator.RATGenerator.parseChassisNode(RATGenerator.java:1607) - VSM not a valid faction code in year 3160. See Nisos Attack WIGE[Tank].

21:12:11,684 WARN  [megamek.client.ratgenerator.RATGenerator] {RAT Generator unit populator}
megamek.client.ratgenerator.RATGenerator.parseChassisNode(RATGenerator.java:1607) - VSM not a valid faction code in year 3160. See Pandion Combat WiGE[Tank].

21:12:11,686 WARN  [megamek.client.ratgenerator.RATGenerator] {RAT Generator unit populator}
megamek.client.ratgenerator.RATGenerator.parseChassisNode(RATGenerator.java:1607) - VSM not a valid faction code in year 3160. See Quicksilver Personal Sports Craft[Tank].

21:12:11,686 WARN  [megamek.client.ratgenerator.RATGenerator] {RAT Generator unit populator}
megamek.client.ratgenerator.RATGenerator.parseChassisNode(RATGenerator.java:1607) - VSM not a valid faction code in year 3160. See Raubvogel Aerobomber[Conventional Fighter].

21:12:11,690 WARN  [megamek.client.ratgenerator.RATGenerator] {RAT Generator unit populator}
megamek.client.ratgenerator.RATGenerator.parseChassisNode(RATGenerator.java:1607) - VSM not a valid faction code in year 3160. See Sturmvogel Gunship[Tank].

21:12:11,690 WARN  [megamek.client.ratgenerator.RATGenerator] {RAT Generator unit populator}
megamek.client.ratgenerator.RATGenerator.parseChassisNode(RATGenerator.java:1607) - VSM not a valid faction code in year 3160. See Sturmvogel Maritime Patrol WiGE[Tank].

21:12:11,691 WARN  [megamek.client.ratgenerator.RATGenerator] {RAT Generator unit populator}
megamek.client.ratgenerator.RATGenerator.parseChassisNode(RATGenerator.java:1607) - VSM not a valid faction code in year 3160. See Swallow Attack WIGE[Tank].

21:12:11,691 WARN  [megamek.client.ratgenerator.RATGenerator] {RAT Generator unit populator}
megamek.client.ratgenerator.RATGenerator.parseModelNode(RATGenerator.java:1682) - VSM not a valid faction code in year 3160. See model Swallow Attack WIGE.

21:12:11,691 WARN  [megamek.client.ratgenerator.RATGenerator] {RAT Generator unit populator}
megamek.client.ratgenerator.RATGenerator.parseModelNode(RATGenerator.java:1682) - VSM not a valid faction code in year 3160. See model Swallow Attack WIGE (Original).

21:12:11,694 WARN  [megamek.client.ratgenerator.RATGenerator] {RAT Generator unit populator}
megamek.client.ratgenerator.RATGenerator.parseChassisNode(RATGenerator.java:1607) - VSM not a valid faction code in year 3160. See Wurger Assault Craft[Small Craft].

21:12:15,268 INFO  [mekhq.campaign.universe.Systems] {SwingWorker-pool-2-thread-1}
mekhq.campaign.universe.Systems.loadDefault(Systems.java:324) - Loaded a total of 4424 systems in 7.010s.

21:12:15,314 WARN  [mekhq.campaign.universe.Systems] {SwingWorker-pool-2-thread-1}
mekhq.campaign.universe.Systems.logVeryCloseSystems(Systems.java:491) - Extremely close systems detected. Data error? LTR-Anti-Spinward-002 <-> HWY-Spinward-040: 0.000 ly

21:12:15,315 WARN  [mekhq.campaign.universe.Systems] {SwingWorker-pool-2-thread-1}
mekhq.campaign.universe.Systems.logVeryCloseSystems(Systems.java:491) - Extremely close systems detected. Data error? LTR-Anti-Spinward-001 <-> HWY-Spinward-041: 0.000 ly

21:12:15,317 WARN  [mekhq.campaign.universe.Systems] {SwingWorker-pool-2-thread-1}
mekhq.campaign.universe.Systems.logVeryCloseSystems(Systems.java:491) - Extremely close systems detected. Data error? LTR-Anti-Spinward-006 <-> HWY-Spinward-036: 0.000 ly

21:12:15,317 WARN  [mekhq.campaign.universe.Systems] {SwingWorker-pool-2-thread-1}
mekhq.campaign.universe.Systems.logVeryCloseSystems(Systems.java:491) - Extremely close systems detected. Data error? LTR-Anti-Spinward-005 <-> HWY-Spinward-037: 0.000 ly

21:12:15,317 WARN  [mekhq.campaign.universe.Systems] {SwingWorker-pool-2-thread-1}
mekhq.campaign.universe.Systems.logVeryCloseSystems(Systems.java:491) - Extremely close systems detected. Data error? LTR-Anti-Spinward-004 <-> HWY-Spinward-038: 0.000 ly

21:12:15,317 WARN  [mekhq.campaign.universe.Systems] {SwingWorker-pool-2-thread-1}
mekhq.campaign.universe.Systems.logVeryCloseSystems(Systems.java:491) - Extremely close systems detected. Data error? LTR-Anti-Spinward-003 <-> HWY-Spinward-039: 0.000 ly

21:12:15,317 WARN  [mekhq.campaign.universe.Systems] {SwingWorker-pool-2-thread-1}
mekhq.campaign.universe.Systems.logVeryCloseSystems(Systems.java:491) - Extremely close systems detected. Data error? LTR-Anti-Spinward-009 <-> HWY-Spinward-033: 0.000 ly

21:12:15,318 WARN  [mekhq.campaign.universe.Systems] {SwingWorker-pool-2-thread-1}
mekhq.campaign.universe.Systems.logVeryCloseSystems(Systems.java:491) - Extremely close systems detected. Data error? LTR-Anti-Spinward-008 <-> HWY-Spinward-034: 0.000 ly

21:12:15,318 WARN  [mekhq.campaign.universe.Systems] {SwingWorker-pool-2-thread-1}
mekhq.campaign.universe.Systems.logVeryCloseSystems(Systems.java:491) - Extremely close systems detected. Data error? LTR-Anti-Spinward-007 <-> HWY-Spinward-035: 0.000 ly

21:12:15,318 WARN  [mekhq.campaign.universe.Systems] {SwingWorker-pool-2-thread-1}
mekhq.campaign.universe.Systems.logVeryCloseSystems(Systems.java:491) - Extremely close systems detected. Data error? LTR-Anti-Spinward-024 <-> HWY-Anti-Spinward-049: 0.000 ly

21:12:15,318 WARN  [mekhq.campaign.universe.Systems] {SwingWorker-pool-2-thread-1}
mekhq.campaign.universe.Systems.logVeryCloseSystems(Systems.java:491) - Extremely close systems detected. Data error? LTR-Anti-Spinward-023 <-> HWY-Anti-Spinward-048: 0.000 ly

21:12:15,318 WARN  [mekhq.campaign.universe.Systems] {SwingWorker-pool-2-thread-1}
mekhq.campaign.universe.Systems.logVeryCloseSystems(Systems.java:491) - Extremely close systems detected. Data error? LTR-Anti-Spinward-028 <-> HWY-Anti-Spinward-053: 0.000 ly

21:12:15,319 WARN  [mekhq.campaign.universe.Systems] {SwingWorker-pool-2-thread-1}
mekhq.campaign.universe.Systems.logVeryCloseSystems(Systems.java:491) - Extremely close systems detected. Data error? LTR-Anti-Spinward-027 <-> HWY-Anti-Spinward-052: 0.000 ly

21:12:15,319 WARN  [mekhq.campaign.universe.Systems] {SwingWorker-pool-2-thread-1}
mekhq.campaign.universe.Systems.logVeryCloseSystems(Systems.java:491) - Extremely close systems detected. Data error? LTR-Anti-Spinward-026 <-> HWY-Anti-Spinward-051: 0.000 ly

21:12:15,319 WARN  [mekhq.campaign.universe.Systems] {SwingWorker-pool-2-thread-1}
mekhq.campaign.universe.Systems.logVeryCloseSystems(Systems.java:491) - Extremely close systems detected. Data error? LTR-Anti-Spinward-025 <-> HWY-Anti-Spinward-050: 0.000 ly

21:12:15,319 WARN  [mekhq.campaign.universe.Systems] {SwingWorker-pool-2-thread-1}
mekhq.campaign.universe.Systems.logVeryCloseSystems(Systems.java:491) - Extremely close systems detected. Data error? LTR-Anti-Spinward-029 <-> HWY-Anti-Spinward-054: 0.000 ly

21:12:15,319 WARN  [mekhq.campaign.universe.Systems] {SwingWorker-pool-2-thread-1}
mekhq.campaign.universe.Systems.logVeryCloseSystems(Systems.java:491) - Extremely close systems detected. Data error? LTR-Anti-Spinward-011 <-> HWY-Spinward-031: 0.000 ly

21:12:15,319 WARN  [mekhq.campaign.universe.Systems] {SwingWorker-pool-2-thread-1}
mekhq.campaign.universe.Systems.logVeryCloseSystems(Systems.java:491) - Extremely close systems detected. Data error? LTR-Anti-Spinward-010 <-> HWY-Spinward-032: 0.000 ly

21:12:15,320 WARN  [mekhq.campaign.universe.Systems] {SwingWorker-pool-2-thread-1}
mekhq.campaign.universe.Systems.logVeryCloseSystems(Systems.java:491) - Extremely close systems detected. Data error? LTR-Rimward-015 <-> HWY-Rimward-050: 0.000 ly

21:12:15,322 WARN  [mekhq.campaign.universe.Systems] {SwingWorker-pool-2-thread-1}
mekhq.campaign.universe.Systems.logVeryCloseSystems(Systems.java:491) - Extremely close systems detected. Data error? LTR-Rimward-016 <-> HWY-Rimward-051: 0.000 ly

21:12:15,322 WARN  [mekhq.campaign.universe.Systems] {SwingWorker-pool-2-thread-1}
mekhq.campaign.universe.Systems.logVeryCloseSystems(Systems.java:491) - Extremely close systems detected. Data error? LTR-Rimward-013 <-> HWY-Rimward-048: 0.000 ly

21:12:15,322 WARN  [mekhq.campaign.universe.Systems] {SwingWorker-pool-2-thread-1}
mekhq.campaign.universe.Systems.logVeryCloseSystems(Systems.java:491) - Extremely close systems detected. Data error? LTR-Rimward-014 <-> HWY-Rimward-049: 0.000 ly

21:12:15,323 WARN  [mekhq.campaign.universe.Systems] {SwingWorker-pool-2-thread-1}
mekhq.campaign.universe.Systems.logVeryCloseSystems(Systems.java:491) - Extremely close systems detected. Data error? LTR-Rimward-011 <-> HWY-Rimward-046: 0.000 ly

21:12:15,323 WARN  [mekhq.campaign.universe.Systems] {SwingWorker-pool-2-thread-1}
mekhq.campaign.universe.Systems.logVeryCloseSystems(Systems.java:491) - Extremely close systems detected. Data error? LTR-Rimward-012 <-> HWY-Rimward-047: 0.000 ly

21:12:15,323 WARN  [mekhq.campaign.universe.Systems] {SwingWorker-pool-2-thread-1}
mekhq.campaign.universe.Systems.logVeryCloseSystems(Systems.java:491) - Extremely close systems detected. Data error? LTR-Rimward-010 <-> HWY-Rimward-045: 0.000 ly

21:12:15,323 WARN  [mekhq.campaign.universe.Systems] {SwingWorker-pool-2-thread-1}
mekhq.campaign.universe.Systems.logVeryCloseSystems(Systems.java:491) - Extremely close systems detected. Data error? LTR-Anti-Spinward-035 <-> HWY-Anti-Spinward-060: 0.000 ly

21:12:15,323 WARN  [mekhq.campaign.universe.Systems] {SwingWorker-pool-2-thread-1}
mekhq.campaign.universe.Systems.logVeryCloseSystems(Systems.java:491) - Extremely close systems detected. Data error? LTR-Anti-Spinward-034 <-> HWY-Anti-Spinward-059: 0.000 ly

21:12:15,323 WARN  [mekhq.campaign.universe.Systems] {SwingWorker-pool-2-thread-1}
mekhq.campaign.universe.Systems.logVeryCloseSystems(Systems.java:491) - Extremely close systems detected. Data error? LTR-Anti-Spinward-033 <-> HWY-Anti-Spinward-058: 0.000 ly

21:12:15,326 WARN  [mekhq.campaign.universe.Systems] {SwingWorker-pool-2-thread-1}
mekhq.campaign.universe.Systems.logVeryCloseSystems(Systems.java:491) - Extremely close systems detected. Data error? LTR-Anti-Spinward-032 <-> HWY-Anti-Spinward-057: 0.000 ly

21:12:15,326 WARN  [mekhq.campaign.universe.Systems] {SwingWorker-pool-2-thread-1}
mekhq.campaign.universe.Systems.logVeryCloseSystems(Systems.java:491) - Extremely close systems detected. Data error? LTR-Anti-Spinward-031 <-> HWY-Anti-Spinward-056: 0.000 ly

21:12:15,326 WARN  [mekhq.campaign.universe.Systems] {SwingWorker-pool-2-thread-1}
mekhq.campaign.universe.Systems.logVeryCloseSystems(Systems.java:491) - Extremely close systems detected. Data error? LTR-Anti-Spinward-030 <-> HWY-Anti-Spinward-055: 0.000 ly

21:12:15,326 WARN  [mekhq.campaign.universe.Systems] {SwingWorker-pool-2-thread-1}
mekhq.campaign.universe.Systems.logVeryCloseSystems(Systems.java:491) - Extremely close systems detected. Data error? LTR-Rimward-002 <-> HWY-Rimward-026: 0.000 ly

21:12:15,326 WARN  [mekhq.campaign.universe.Systems] {SwingWorker-pool-2-thread-1}
mekhq.campaign.universe.Systems.logVeryCloseSystems(Systems.java:491) - Extremely close systems detected. Data error? LTR-Rimward-001 <-> HWY-Rimward-025: 0.000 ly

21:12:15,327 WARN  [mekhq.campaign.universe.Systems] {SwingWorker-pool-2-thread-1}
mekhq.campaign.universe.Systems.logVeryCloseSystems(Systems.java:491) - Extremely close systems detected. Data error? LTR-Spinward-011 <-> HWY-Anti-Spinward-034: 0.000 ly

21:12:15,327 WARN  [mekhq.campaign.universe.Systems] {SwingWorker-pool-2-thread-1}
mekhq.campaign.universe.Systems.logVeryCloseSystems(Systems.java:491) - Extremely close systems detected. Data error? LTR-Spinward-012 <-> HWY-Anti-Spinward-033: 0.000 ly

21:12:15,327 WARN  [mekhq.campaign.universe.Systems] {SwingWorker-pool-2-thread-1}
mekhq.campaign.universe.Systems.logVeryCloseSystems(Systems.java:491) - Extremely close systems detected. Data error? LTR-Spinward-013 <-> HWY-Anti-Spinward-032: 0.000 ly

21:12:15,327 WARN  [mekhq.campaign.universe.Systems] {SwingWorker-pool-2-thread-1}
mekhq.campaign.universe.Systems.logVeryCloseSystems(Systems.java:491) - Extremely close systems detected. Data error? LTR-Spinward-014 <-> HWY-Anti-Spinward-031: 0.000 ly

21:12:15,327 WARN  [mekhq.campaign.universe.Systems] {SwingWorker-pool-2-thread-1}
mekhq.campaign.universe.Systems.logVeryCloseSystems(Systems.java:491) - Extremely close systems detected. Data error? LTR-Spinward-015 <-> HWY-Anti-Spinward-030: 0.000 ly

21:12:15,327 WARN  [mekhq.campaign.universe.Systems] {SwingWorker-pool-2-thread-1}
mekhq.campaign.universe.Systems.logVeryCloseSystems(Systems.java:491) - Extremely close systems detected. Data error? LTR-Spinward-016 <-> HWY-Anti-Spinward-029: 0.000 ly

21:12:15,328 WARN  [mekhq.campaign.universe.Systems] {SwingWorker-pool-2-thread-1}
mekhq.campaign.universe.Systems.logVeryCloseSystems(Systems.java:491) - Extremely close systems detected. Data error? LTR-Spinward-017 <-> HWY-Anti-Spinward-028: 0.000 ly

21:12:15,328 WARN  [mekhq.campaign.universe.Systems] {SwingWorker-pool-2-thread-1}
mekhq.campaign.universe.Systems.logVeryCloseSystems(Systems.java:491) - Extremely close systems detected. Data error? LTR-Spinward-024 <-> HWY-Anti-Spinward-081: 0.000 ly

21:12:15,329 WARN  [mekhq.campaign.universe.Systems] {SwingWorker-pool-2-thread-1}
mekhq.campaign.universe.Systems.logVeryCloseSystems(Systems.java:491) - Extremely close systems detected. Data error? LTR-Spinward-025 <-> HWY-Anti-Spinward-080: 0.000 ly

21:12:15,330 WARN  [mekhq.campaign.universe.Systems] {SwingWorker-pool-2-thread-1}
mekhq.campaign.universe.Systems.logVeryCloseSystems(Systems.java:491) - Extremely close systems detected. Data error? LTR-Spinward-026 <-> HWY-Anti-Spinward-079: 0.000 ly

21:12:15,330 WARN  [mekhq.campaign.universe.Systems] {SwingWorker-pool-2-thread-1}
mekhq.campaign.universe.Systems.logVeryCloseSystems(Systems.java:491) - Extremely close systems detected. Data error? LTR-Spinward-027 <-> HWY-Anti-Spinward-078: 0.000 ly

21:12:15,330 WARN  [mekhq.campaign.universe.Systems] {SwingWorker-pool-2-thread-1}
mekhq.campaign.universe.Systems.logVeryCloseSystems(Systems.java:491) - Extremely close systems detected. Data error? LTR-Spinward-028 <-> HWY-Anti-Spinward-077: 0.000 ly

21:12:15,331 WARN  [mekhq.campaign.universe.Systems] {SwingWorker-pool-2-thread-1}
mekhq.campaign.universe.Systems.logVeryCloseSystems(Systems.java:491) - Extremely close systems detected. Data error? HWY-Rimward-026 <-> LTR-Rimward-002: 0.000 ly

21:12:15,331 WARN  [mekhq.campaign.universe.Systems] {SwingWorker-pool-2-thread-1}
mekhq.campaign.universe.Systems.logVeryCloseSystems(Systems.java:491) - Extremely close systems detected. Data error? HWY-Rimward-025 <-> LTR-Rimward-001: 0.000 ly

21:12:15,332 WARN  [mekhq.campaign.universe.Systems] {SwingWorker-pool-2-thread-1}
mekhq.campaign.universe.Systems.logVeryCloseSystems(Systems.java:491) - Extremely close systems detected. Data error? HWY-Rimward-063 <-> LTR-Coreward-009: 0.000 ly

21:12:15,332 WARN  [mekhq.campaign.universe.Systems] {SwingWorker-pool-2-thread-1}
mekhq.campaign.universe.Systems.logVeryCloseSystems(Systems.java:491) - Extremely close systems detected. Data error? HWY-Rimward-062 <-> LTR-Coreward-010: 0.000 ly

21:12:15,332 WARN  [mekhq.campaign.universe.Systems] {SwingWorker-pool-2-thread-1}
mekhq.campaign.universe.Systems.logVeryCloseSystems(Systems.java:491) - Extremely close systems detected. Data error? HWY-Rimward-061 <-> LTR-Coreward-011: 0.000 ly

21:12:15,332 WARN  [mekhq.campaign.universe.Systems] {SwingWorker-pool-2-thread-1}
mekhq.campaign.universe.Systems.logVeryCloseSystems(Systems.java:491) - Extremely close systems detected. Data error? HWY-Rimward-060 <-> LTR-Coreward-012: 0.000 ly

21:12:15,332 WARN  [mekhq.campaign.universe.Systems] {SwingWorker-pool-2-thread-1}
mekhq.campaign.universe.Systems.logVeryCloseSystems(Systems.java:491) - Extremely close systems detected. Data error? HWY-Rimward-064 <-> LTR-Coreward-008: 0.000 ly

21:12:15,332 WARN  [mekhq.campaign.universe.Systems] {SwingWorker-pool-2-thread-1}
mekhq.campaign.universe.Systems.logVeryCloseSystems(Systems.java:491) - Extremely close systems detected. Data error? HWY-Rimward-052 <-> LTR-Coreward-007: 0.000 ly

21:12:15,332 WARN  [mekhq.campaign.universe.Systems] {SwingWorker-pool-2-thread-1}
mekhq.campaign.universe.Systems.logVeryCloseSystems(Systems.java:491) - Extremely close systems detected. Data error? HWY-Rimward-051 <-> LTR-Rimward-016: 0.000 ly

21:12:15,332 WARN  [mekhq.campaign.universe.Systems] {SwingWorker-pool-2-thread-1}
mekhq.campaign.universe.Systems.logVeryCloseSystems(Systems.java:491) - Extremely close systems detected. Data error? HWY-Rimward-050 <-> LTR-Rimward-015: 0.000 ly

21:12:15,334 WARN  [mekhq.campaign.universe.Systems] {SwingWorker-pool-2-thread-1}
mekhq.campaign.universe.Systems.logVeryCloseSystems(Systems.java:491) - Extremely close systems detected. Data error? HWY-Rimward-059 <-> LTR-Coreward-013: 0.000 ly

21:12:15,334 WARN  [mekhq.campaign.universe.Systems] {SwingWorker-pool-2-thread-1}
mekhq.campaign.universe.Systems.logVeryCloseSystems(Systems.java:491) - Extremely close systems detected. Data error? HWY-Rimward-058 <-> LTR-Coreward-001: 0.000 ly

21:12:15,334 WARN  [mekhq.campaign.universe.Systems] {SwingWorker-pool-2-thread-1}
mekhq.campaign.universe.Systems.logVeryCloseSystems(Systems.java:491) - Extremely close systems detected. Data error? HWY-Rimward-057 <-> LTR-Coreward-002: 0.000 ly

21:12:15,335 WARN  [mekhq.campaign.universe.Systems] {SwingWorker-pool-2-thread-1}
mekhq.campaign.universe.Systems.logVeryCloseSystems(Systems.java:491) - Extremely close systems detected. Data error? HWY-Rimward-056 <-> LTR-Coreward-003: 0.000 ly

21:12:15,335 WARN  [mekhq.campaign.universe.Systems] {SwingWorker-pool-2-thread-1}
mekhq.campaign.universe.Systems.logVeryCloseSystems(Systems.java:491) - Extremely close systems detected. Data error? HWY-Rimward-055 <-> LTR-Coreward-004: 0.000 ly

21:12:15,335 WARN  [mekhq.campaign.universe.Systems] {SwingWorker-pool-2-thread-1}
mekhq.campaign.universe.Systems.logVeryCloseSystems(Systems.java:491) - Extremely close systems detected. Data error? HWY-Rimward-054 <-> LTR-Coreward-005: 0.000 ly

21:12:15,335 WARN  [mekhq.campaign.universe.Systems] {SwingWorker-pool-2-thread-1}
mekhq.campaign.universe.Systems.logVeryCloseSystems(Systems.java:491) - Extremely close systems detected. Data error? HWY-Rimward-053 <-> LTR-Coreward-006: 0.000 ly

21:12:15,335 WARN  [mekhq.campaign.universe.Systems] {SwingWorker-pool-2-thread-1}
mekhq.campaign.universe.Systems.logVeryCloseSystems(Systems.java:491) - Extremely close systems detected. Data error? HWY-Rimward-049 <-> LTR-Rimward-014: 0.000 ly

21:12:15,335 WARN  [mekhq.campaign.universe.Systems] {SwingWorker-pool-2-thread-1}
mekhq.campaign.universe.Systems.logVeryCloseSystems(Systems.java:491) - Extremely close systems detected. Data error? HWY-Rimward-048 <-> LTR-Rimward-013: 0.000 ly

21:12:15,335 WARN  [mekhq.campaign.universe.Systems] {SwingWorker-pool-2-thread-1}
mekhq.campaign.universe.Systems.logVeryCloseSystems(Systems.java:491) - Extremely close systems detected. Data error? HWY-Rimward-047 <-> LTR-Rimward-012: 0.000 ly

21:12:15,335 WARN  [mekhq.campaign.universe.Systems] {SwingWorker-pool-2-thread-1}
mekhq.campaign.universe.Systems.logVeryCloseSystems(Systems.java:491) - Extremely close systems detected. Data error? HWY-Rimward-046 <-> LTR-Rimward-011: 0.000 ly

21:12:15,336 WARN  [mekhq.campaign.universe.Systems] {SwingWorker-pool-2-thread-1}
mekhq.campaign.universe.Systems.logVeryCloseSystems(Systems.java:491) - Extremely close systems detected. Data error? HWY-Rimward-045 <-> LTR-Rimward-010: 0.000 ly

21:12:15,337 WARN  [mekhq.campaign.universe.Systems] {SwingWorker-pool-2-thread-1}
mekhq.campaign.universe.Systems.logVeryCloseSystems(Systems.java:491) - Extremely close systems detected. Data error? HWY-Anti-Spinward-048 <-> LTR-Anti-Spinward-023: 0.000 ly

21:12:15,338 WARN  [mekhq.campaign.universe.Systems] {SwingWorker-pool-2-thread-1}
mekhq.campaign.universe.Systems.logVeryCloseSystems(Systems.java:491) - Extremely close systems detected. Data error? HWY-Anti-Spinward-049 <-> LTR-Anti-Spinward-024: 0.000 ly

21:12:15,341 WARN  [mekhq.campaign.universe.Systems] {SwingWorker-pool-2-thread-1}
mekhq.campaign.universe.Systems.logVeryCloseSystems(Systems.java:491) - Extremely close systems detected. Data error? HWY-Anti-Spinward-051 <-> LTR-Anti-Spinward-026: 0.000 ly

21:12:15,341 WARN  [mekhq.campaign.universe.Systems] {SwingWorker-pool-2-thread-1}
mekhq.campaign.universe.Systems.logVeryCloseSystems(Systems.java:491) - Extremely close systems detected. Data error? HWY-Anti-Spinward-050 <-> LTR-Anti-Spinward-025: 0.000 ly

21:12:15,342 WARN  [mekhq.campaign.universe.Systems] {SwingWorker-pool-2-thread-1}
mekhq.campaign.universe.Systems.logVeryCloseSystems(Systems.java:491) - Extremely close systems detected. Data error? HWY-Anti-Spinward-053 <-> LTR-Anti-Spinward-028: 0.000 ly

21:12:15,342 WARN  [mekhq.campaign.universe.Systems] {SwingWorker-pool-2-thread-1}
mekhq.campaign.universe.Systems.logVeryCloseSystems(Systems.java:491) - Extremely close systems detected. Data error? HWY-Anti-Spinward-052 <-> LTR-Anti-Spinward-027: 0.000 ly

21:12:15,343 WARN  [mekhq.campaign.universe.Systems] {SwingWorker-pool-2-thread-1}
mekhq.campaign.universe.Systems.logVeryCloseSystems(Systems.java:491) - Extremely close systems detected. Data error? HWY-Anti-Spinward-059 <-> LTR-Anti-Spinward-034: 0.000 ly

21:12:15,344 WARN  [mekhq.campaign.universe.Systems] {SwingWorker-pool-2-thread-1}
mekhq.campaign.universe.Systems.logVeryCloseSystems(Systems.java:491) - Extremely close systems detected. Data error? HWY-Anti-Spinward-058 <-> LTR-Anti-Spinward-033: 0.000 ly

21:12:15,344 WARN  [mekhq.campaign.universe.Systems] {SwingWorker-pool-2-thread-1}
mekhq.campaign.universe.Systems.logVeryCloseSystems(Systems.java:491) - Extremely close systems detected. Data error? HWY-Anti-Spinward-055 <-> LTR-Anti-Spinward-030: 0.000 ly

21:12:15,344 WARN  [mekhq.campaign.universe.Systems] {SwingWorker-pool-2-thread-1}
mekhq.campaign.universe.Systems.logVeryCloseSystems(Systems.java:491) - Extremely close systems detected. Data error? HWY-Anti-Spinward-054 <-> LTR-Anti-Spinward-029: 0.000 ly

21:12:15,344 WARN  [mekhq.campaign.universe.Systems] {SwingWorker-pool-2-thread-1}
mekhq.campaign.universe.Systems.logVeryCloseSystems(Systems.java:491) - Extremely close systems detected. Data error? HWY-Anti-Spinward-057 <-> LTR-Anti-Spinward-032: 0.000 ly

21:12:15,344 WARN  [mekhq.campaign.universe.Systems] {SwingWorker-pool-2-thread-1}
mekhq.campaign.universe.Systems.logVeryCloseSystems(Systems.java:491) - Extremely close systems detected. Data error? HWY-Anti-Spinward-056 <-> LTR-Anti-Spinward-031: 0.000 ly

21:12:15,344 WARN  [mekhq.campaign.universe.Systems] {SwingWorker-pool-2-thread-1}
mekhq.campaign.universe.Systems.logVeryCloseSystems(Systems.java:491) - Extremely close systems detected. Data error? HWY-Anti-Spinward-029 <-> LTR-Spinward-016: 0.000 ly

21:12:15,344 WARN  [mekhq.campaign.universe.Systems] {SwingWorker-pool-2-thread-1}
mekhq.campaign.universe.Systems.logVeryCloseSystems(Systems.java:491) - Extremely close systems detected. Data error? HWY-Anti-Spinward-028 <-> LTR-Spinward-017: 0.000 ly

21:12:15,344 WARN  [mekhq.campaign.universe.Systems] {SwingWorker-pool-2-thread-1}
mekhq.campaign.universe.Systems.logVeryCloseSystems(Systems.java:491) - Extremely close systems detected. Data error? HWY-Anti-Spinward-031 <-> LTR-Spinward-014: 0.000 ly

21:12:15,345 WARN  [mekhq.campaign.universe.Systems] {SwingWorker-pool-2-thread-1}
mekhq.campaign.universe.Systems.logVeryCloseSystems(Systems.java:491) - Extremely close systems detected. Data error? HWY-Anti-Spinward-030 <-> LTR-Spinward-015: 0.000 ly

21:12:15,345 WARN  [mekhq.campaign.universe.Systems] {SwingWorker-pool-2-thread-1}
mekhq.campaign.universe.Systems.logVeryCloseSystems(Systems.java:491) - Extremely close systems detected. Data error? HWY-Anti-Spinward-033 <-> LTR-Spinward-012: 0.000 ly

21:12:15,345 WARN  [mekhq.campaign.universe.Systems] {SwingWorker-pool-2-thread-1}
mekhq.campaign.universe.Systems.logVeryCloseSystems(Systems.java:491) - Extremely close systems detected. Data error? HWY-Anti-Spinward-032 <-> LTR-Spinward-013: 0.000 ly

21:12:15,345 WARN  [mekhq.campaign.universe.Systems] {SwingWorker-pool-2-thread-1}
mekhq.campaign.universe.Systems.logVeryCloseSystems(Systems.java:491) - Extremely close systems detected. Data error? HWY-Anti-Spinward-034 <-> LTR-Spinward-011: 0.000 ly

21:12:15,345 WARN  [mekhq.campaign.universe.Systems] {SwingWorker-pool-2-thread-1}
mekhq.campaign.universe.Systems.logVeryCloseSystems(Systems.java:491) - Extremely close systems detected. Data error? HWY-Anti-Spinward-080 <-> LTR-Spinward-025: 0.000 ly

21:12:15,345 WARN  [mekhq.campaign.universe.Systems] {SwingWorker-pool-2-thread-1}
mekhq.campaign.universe.Systems.logVeryCloseSystems(Systems.java:491) - Extremely close systems detected. Data error? HWY-Anti-Spinward-081 <-> LTR-Spinward-024: 0.000 ly

21:12:15,346 WARN  [mekhq.campaign.universe.Systems] {SwingWorker-pool-2-thread-1}
mekhq.campaign.universe.Systems.logVeryCloseSystems(Systems.java:491) - Extremely close systems detected. Data error? HWY-Anti-Spinward-060 <-> LTR-Anti-Spinward-035: 0.000 ly

21:12:15,346 WARN  [mekhq.campaign.universe.Systems] {SwingWorker-pool-2-thread-1}
mekhq.campaign.universe.Systems.logVeryCloseSystems(Systems.java:491) - Extremely close systems detected. Data error? HWY-Anti-Spinward-077 <-> LTR-Spinward-028: 0.000 ly

21:12:15,347 WARN  [mekhq.campaign.universe.Systems] {SwingWorker-pool-2-thread-1}
mekhq.campaign.universe.Systems.logVeryCloseSystems(Systems.java:491) - Extremely close systems detected. Data error? HWY-Anti-Spinward-079 <-> LTR-Spinward-026: 0.000 ly

21:12:15,347 WARN  [mekhq.campaign.universe.Systems] {SwingWorker-pool-2-thread-1}
mekhq.campaign.universe.Systems.logVeryCloseSystems(Systems.java:491) - Extremely close systems detected. Data error? HWY-Anti-Spinward-078 <-> LTR-Spinward-027: 0.000 ly

21:12:15,348 WARN  [mekhq.campaign.universe.Systems] {SwingWorker-pool-2-thread-1}
mekhq.campaign.universe.Systems.logVeryCloseSystems(Systems.java:491) - Extremely close systems detected. Data error? LTR-Rimward-Spinward-010 <-> HWY-Rimward-Spinward-070: 0.000 ly

21:12:15,348 WARN  [mekhq.campaign.universe.Systems] {SwingWorker-pool-2-thread-1}
mekhq.campaign.universe.Systems.logVeryCloseSystems(Systems.java:491) - Extremely close systems detected. Data error? LTR-Rimward-Spinward-011 <-> HWY-Rimward-Spinward-071: 0.000 ly

21:12:15,348 WARN  [mekhq.campaign.universe.Systems] {SwingWorker-pool-2-thread-1}
mekhq.campaign.universe.Systems.logVeryCloseSystems(Systems.java:491) - Extremely close systems detected. Data error? LTR-Rimward-Spinward-009 <-> HWY-Rimward-Spinward-069: 0.000 ly

21:12:15,348 WARN  [mekhq.campaign.universe.Systems] {SwingWorker-pool-2-thread-1}
mekhq.campaign.universe.Systems.logVeryCloseSystems(Systems.java:491) - Extremely close systems detected. Data error? LTR-Rimward-Spinward-016 <-> HWY-Rimward-Spinward-076: 0.000 ly

21:12:15,348 WARN  [mekhq.campaign.universe.Systems] {SwingWorker-pool-2-thread-1}
mekhq.campaign.universe.Systems.logVeryCloseSystems(Systems.java:491) - Extremely close systems detected. Data error? LTR-Rimward-Spinward-012 <-> HWY-Rimward-Spinward-072: 0.000 ly

21:12:15,349 WARN  [mekhq.campaign.universe.Systems] {SwingWorker-pool-2-thread-1}
mekhq.campaign.universe.Systems.logVeryCloseSystems(Systems.java:491) - Extremely close systems detected. Data error? LTR-Rimward-Spinward-013 <-> HWY-Rimward-Spinward-073: 0.000 ly

21:12:15,349 WARN  [mekhq.campaign.universe.Systems] {SwingWorker-pool-2-thread-1}
mekhq.campaign.universe.Systems.logVeryCloseSystems(Systems.java:491) - Extremely close systems detected. Data error? LTR-Rimward-Spinward-014 <-> HWY-Rimward-Spinward-074: 0.000 ly

21:12:15,349 WARN  [mekhq.campaign.universe.Systems] {SwingWorker-pool-2-thread-1}
mekhq.campaign.universe.Systems.logVeryCloseSystems(Systems.java:491) - Extremely close systems detected. Data error? LTR-Rimward-Spinward-015 <-> HWY-Rimward-Spinward-075: 0.000 ly

21:12:15,351 WARN  [mekhq.campaign.universe.Systems] {SwingWorker-pool-2-thread-1}
mekhq.campaign.universe.Systems.logVeryCloseSystems(Systems.java:491) - Extremely close systems detected. Data error? HWY-Coreward-Spinward-065 <-> LTR-Coreward-Spinward-030: 0.000 ly

21:12:15,351 WARN  [mekhq.campaign.universe.Systems] {SwingWorker-pool-2-thread-1}
mekhq.campaign.universe.Systems.logVeryCloseSystems(Systems.java:491) - Extremely close systems detected. Data error? HWY-Coreward-Spinward-064 <-> LTR-Coreward-Spinward-029: 0.000 ly

21:12:15,352 WARN  [mekhq.campaign.universe.Systems] {SwingWorker-pool-2-thread-1}
mekhq.campaign.universe.Systems.logVeryCloseSystems(Systems.java:491) - Extremely close systems detected. Data error? HWY-Coreward-Spinward-063 <-> LTR-Coreward-Spinward-028: 0.000 ly

21:12:15,352 WARN  [mekhq.campaign.universe.Systems] {SwingWorker-pool-2-thread-1}
mekhq.campaign.universe.Systems.logVeryCloseSystems(Systems.java:491) - Extremely close systems detected. Data error? HWY-Coreward-Spinward-062 <-> LTR-Coreward-Spinward-027: 0.000 ly

21:12:15,354 WARN  [mekhq.campaign.universe.Systems] {SwingWorker-pool-2-thread-1}
mekhq.campaign.universe.Systems.logVeryCloseSystems(Systems.java:491) - Extremely close systems detected. Data error? HWY-Coreward-Spinward-061 <-> LTR-Coreward-Spinward-026: 0.000 ly

21:12:15,356 WARN  [mekhq.campaign.universe.Systems] {SwingWorker-pool-2-thread-1}
mekhq.campaign.universe.Systems.logVeryCloseSystems(Systems.java:491) - Extremely close systems detected. Data error? HWY-Coreward-Spinward-060 <-> LTR-Coreward-Spinward-025: 0.000 ly

21:12:15,357 WARN  [mekhq.campaign.universe.Systems] {SwingWorker-pool-2-thread-1}
mekhq.campaign.universe.Systems.logVeryCloseSystems(Systems.java:491) - Extremely close systems detected. Data error? HWY-Coreward-Spinward-067 <-> LTR-Coreward-Spinward-032: 0.000 ly

21:12:15,358 WARN  [mekhq.campaign.universe.Systems] {SwingWorker-pool-2-thread-1}
mekhq.campaign.universe.Systems.logVeryCloseSystems(Systems.java:491) - Extremely close systems detected. Data error? HWY-Coreward-Spinward-066 <-> LTR-Coreward-Spinward-031: 0.000 ly

21:12:15,360 WARN  [mekhq.campaign.universe.Systems] {SwingWorker-pool-2-thread-1}
mekhq.campaign.universe.Systems.logVeryCloseSystems(Systems.java:491) - Extremely close systems detected. Data error? HWY-Rimward-Anti-Spinward-040 <-> LTR-Coreward-Spinward-001: 0.000 ly

21:12:15,360 WARN  [mekhq.campaign.universe.Systems] {SwingWorker-pool-2-thread-1}
mekhq.campaign.universe.Systems.logVeryCloseSystems(Systems.java:491) - Extremely close systems detected. Data error? HWY-Rimward-Anti-Spinward-036 <-> LTR-Coreward-Spinward-005: 0.000 ly

21:12:15,361 WARN  [mekhq.campaign.universe.Systems] {SwingWorker-pool-2-thread-1}
mekhq.campaign.universe.Systems.logVeryCloseSystems(Systems.java:491) - Extremely close systems detected. Data error? HWY-Rimward-Anti-Spinward-035 <-> LTR-Coreward-Spinward-006: 0.000 ly

21:12:15,361 WARN  [mekhq.campaign.universe.Systems] {SwingWorker-pool-2-thread-1}
mekhq.campaign.universe.Systems.logVeryCloseSystems(Systems.java:491) - Extremely close systems detected. Data error? HWY-Rimward-Anti-Spinward-038 <-> LTR-Coreward-Spinward-003: 0.000 ly

21:12:15,361 WARN  [mekhq.campaign.universe.Systems] {SwingWorker-pool-2-thread-1}
mekhq.campaign.universe.Systems.logVeryCloseSystems(Systems.java:491) - Extremely close systems detected. Data error? HWY-Rimward-Anti-Spinward-037 <-> LTR-Coreward-Spinward-004: 0.000 ly

21:12:15,361 WARN  [mekhq.campaign.universe.Systems] {SwingWorker-pool-2-thread-1}
mekhq.campaign.universe.Systems.logVeryCloseSystems(Systems.java:491) - Extremely close systems detected. Data error? HWY-Rimward-Anti-Spinward-039 <-> LTR-Coreward-Spinward-002: 0.000 ly

21:12:15,361 WARN  [mekhq.campaign.universe.Systems] {SwingWorker-pool-2-thread-1}
mekhq.campaign.universe.Systems.logVeryCloseSystems(Systems.java:491) - Extremely close systems detected. Data error? HWY-Rimward-Anti-Spinward-030 <-> LTR-Coreward-Spinward-011: 0.000 ly

21:12:15,361 WARN  [mekhq.campaign.universe.Systems] {SwingWorker-pool-2-thread-1}
mekhq.campaign.universe.Systems.logVeryCloseSystems(Systems.java:491) - Extremely close systems detected. Data error? HWY-Rimward-Anti-Spinward-032 <-> LTR-Coreward-Spinward-009: 0.000 ly

21:12:15,361 WARN  [mekhq.campaign.universe.Systems] {SwingWorker-pool-2-thread-1}
mekhq.campaign.universe.Systems.logVeryCloseSystems(Systems.java:491) - Extremely close systems detected. Data error? HWY-Rimward-Anti-Spinward-031 <-> LTR-Coreward-Spinward-010: 0.000 ly

21:12:15,362 WARN  [mekhq.campaign.universe.Systems] {SwingWorker-pool-2-thread-1}
mekhq.campaign.universe.Systems.logVeryCloseSystems(Systems.java:491) - Extremely close systems detected. Data error? HWY-Rimward-Anti-Spinward-034 <-> LTR-Coreward-Spinward-007: 0.000 ly

21:12:15,362 WARN  [mekhq.campaign.universe.Systems] {SwingWorker-pool-2-thread-1}
mekhq.campaign.universe.Systems.logVeryCloseSystems(Systems.java:491) - Extremely close systems detected. Data error? HWY-Rimward-Anti-Spinward-033 <-> LTR-Coreward-Spinward-008: 0.000 ly

21:12:15,363 WARN  [mekhq.campaign.universe.Systems] {SwingWorker-pool-2-thread-1}
mekhq.campaign.universe.Systems.logVeryCloseSystems(Systems.java:491) - Extremely close systems detected. Data error? HWY-Spinward-039 <-> LTR-Anti-Spinward-003: 0.000 ly

21:12:15,363 WARN  [mekhq.campaign.universe.Systems] {SwingWorker-pool-2-thread-1}
mekhq.campaign.universe.Systems.logVeryCloseSystems(Systems.java:491) - Extremely close systems detected. Data error? HWY-Spinward-038 <-> LTR-Anti-Spinward-004: 0.000 ly

21:12:15,363 WARN  [mekhq.campaign.universe.Systems] {SwingWorker-pool-2-thread-1}
mekhq.campaign.universe.Systems.logVeryCloseSystems(Systems.java:491) - Extremely close systems detected. Data error? HWY-Spinward-037 <-> LTR-Anti-Spinward-005: 0.000 ly

21:12:15,363 WARN  [mekhq.campaign.universe.Systems] {SwingWorker-pool-2-thread-1}
mekhq.campaign.universe.Systems.logVeryCloseSystems(Systems.java:491) - Extremely close systems detected. Data error? HWY-Spinward-036 <-> LTR-Anti-Spinward-006: 0.000 ly

21:12:15,364 WARN  [mekhq.campaign.universe.Systems] {SwingWorker-pool-2-thread-1}
mekhq.campaign.universe.Systems.logVeryCloseSystems(Systems.java:491) - Extremely close systems detected. Data error? HWY-Spinward-035 <-> LTR-Anti-Spinward-007: 0.000 ly

21:12:15,364 WARN  [mekhq.campaign.universe.Systems] {SwingWorker-pool-2-thread-1}
mekhq.campaign.universe.Systems.logVeryCloseSystems(Systems.java:491) - Extremely close systems detected. Data error? HWY-Spinward-034 <-> LTR-Anti-Spinward-008: 0.000 ly

21:12:15,365 WARN  [mekhq.campaign.universe.Systems] {SwingWorker-pool-2-thread-1}
mekhq.campaign.universe.Systems.logVeryCloseSystems(Systems.java:491) - Extremely close systems detected. Data error? HWY-Spinward-033 <-> LTR-Anti-Spinward-009: 0.000 ly

21:12:15,365 WARN  [mekhq.campaign.universe.Systems] {SwingWorker-pool-2-thread-1}
mekhq.campaign.universe.Systems.logVeryCloseSystems(Systems.java:491) - Extremely close systems detected. Data error? HWY-Spinward-032 <-> LTR-Anti-Spinward-010: 0.000 ly

21:12:15,365 WARN  [mekhq.campaign.universe.Systems] {SwingWorker-pool-2-thread-1}
mekhq.campaign.universe.Systems.logVeryCloseSystems(Systems.java:491) - Extremely close systems detected. Data error? HWY-Spinward-031 <-> LTR-Anti-Spinward-011: 0.000 ly

21:12:15,367 WARN  [mekhq.campaign.universe.Systems] {SwingWorker-pool-2-thread-1}
mekhq.campaign.universe.Systems.logVeryCloseSystems(Systems.java:491) - Extremely close systems detected. Data error? HWY-Spinward-041 <-> LTR-Anti-Spinward-001: 0.000 ly

21:12:15,368 WARN  [mekhq.campaign.universe.Systems] {SwingWorker-pool-2-thread-1}
mekhq.campaign.universe.Systems.logVeryCloseSystems(Systems.java:491) - Extremely close systems detected. Data error? HWY-Spinward-040 <-> LTR-Anti-Spinward-002: 0.000 ly

21:12:15,368 WARN  [mekhq.campaign.universe.Systems] {SwingWorker-pool-2-thread-1}
mekhq.campaign.universe.Systems.logVeryCloseSystems(Systems.java:491) - Extremely close systems detected. Data error? HWY-Rimward-Spinward-072 <-> LTR-Rimward-Spinward-012: 0.000 ly

21:12:15,368 WARN  [mekhq.campaign.universe.Systems] {SwingWorker-pool-2-thread-1}
mekhq.campaign.universe.Systems.logVeryCloseSystems(Systems.java:491) - Extremely close systems detected. Data error? HWY-Rimward-Spinward-073 <-> LTR-Rimward-Spinward-013: 0.000 ly

21:12:15,368 WARN  [mekhq.campaign.universe.Systems] {SwingWorker-pool-2-thread-1}
mekhq.campaign.universe.Systems.logVeryCloseSystems(Systems.java:491) - Extremely close systems detected. Data error? HWY-Rimward-Spinward-070 <-> LTR-Rimward-Spinward-010: 0.000 ly

21:12:15,368 WARN  [mekhq.campaign.universe.Systems] {SwingWorker-pool-2-thread-1}
mekhq.campaign.universe.Systems.logVeryCloseSystems(Systems.java:491) - Extremely close systems detected. Data error? HWY-Rimward-Spinward-071 <-> LTR-Rimward-Spinward-011: 0.000 ly

21:12:15,368 WARN  [mekhq.campaign.universe.Systems] {SwingWorker-pool-2-thread-1}
mekhq.campaign.universe.Systems.logVeryCloseSystems(Systems.java:491) - Extremely close systems detected. Data error? HWY-Rimward-Spinward-076 <-> LTR-Rimward-Spinward-016: 0.000 ly

21:12:15,368 WARN  [mekhq.campaign.universe.Systems] {SwingWorker-pool-2-thread-1}
mekhq.campaign.universe.Systems.logVeryCloseSystems(Systems.java:491) - Extremely close systems detected. Data error? HWY-Rimward-Spinward-074 <-> LTR-Rimward-Spinward-014: 0.000 ly

21:12:15,369 WARN  [mekhq.campaign.universe.Systems] {SwingWorker-pool-2-thread-1}
mekhq.campaign.universe.Systems.logVeryCloseSystems(Systems.java:491) - Extremely close systems detected. Data error? HWY-Rimward-Spinward-075 <-> LTR-Rimward-Spinward-015: 0.000 ly

21:12:15,369 WARN  [mekhq.campaign.universe.Systems] {SwingWorker-pool-2-thread-1}
mekhq.campaign.universe.Systems.logVeryCloseSystems(Systems.java:491) - Extremely close systems detected. Data error? HWY-Rimward-Spinward-069 <-> LTR-Rimward-Spinward-009: 0.000 ly

21:12:15,369 WARN  [mekhq.campaign.universe.Systems] {SwingWorker-pool-2-thread-1}
mekhq.campaign.universe.Systems.logVeryCloseSystems(Systems.java:491) - Extremely close systems detected. Data error? LTR-Coreward-Spinward-011 <-> HWY-Rimward-Anti-Spinward-030: 0.000 ly

21:12:15,369 WARN  [mekhq.campaign.universe.Systems] {SwingWorker-pool-2-thread-1}
mekhq.campaign.universe.Systems.logVeryCloseSystems(Systems.java:491) - Extremely close systems detected. Data error? LTR-Coreward-Spinward-010 <-> HWY-Rimward-Anti-Spinward-031: 0.000 ly

21:12:15,370 WARN  [mekhq.campaign.universe.Systems] {SwingWorker-pool-2-thread-1}
mekhq.campaign.universe.Systems.logVeryCloseSystems(Systems.java:491) - Extremely close systems detected. Data error? LTR-Coreward-Spinward-001 <-> HWY-Rimward-Anti-Spinward-040: 0.000 ly

21:12:15,370 WARN  [mekhq.campaign.universe.Systems] {SwingWorker-pool-2-thread-1}
mekhq.campaign.universe.Systems.logVeryCloseSystems(Systems.java:491) - Extremely close systems detected. Data error? LTR-Coreward-Spinward-003 <-> HWY-Rimward-Anti-Spinward-038: 0.000 ly

21:12:15,370 WARN  [mekhq.campaign.universe.Systems] {SwingWorker-pool-2-thread-1}
mekhq.campaign.universe.Systems.logVeryCloseSystems(Systems.java:491) - Extremely close systems detected. Data error? LTR-Coreward-Spinward-002 <-> HWY-Rimward-Anti-Spinward-039: 0.000 ly

21:12:15,370 WARN  [mekhq.campaign.universe.Systems] {SwingWorker-pool-2-thread-1}
mekhq.campaign.universe.Systems.logVeryCloseSystems(Systems.java:491) - Extremely close systems detected. Data error? LTR-Coreward-Spinward-005 <-> HWY-Rimward-Anti-Spinward-036: 0.000 ly

21:12:15,370 WARN  [mekhq.campaign.universe.Systems] {SwingWorker-pool-2-thread-1}
mekhq.campaign.universe.Systems.logVeryCloseSystems(Systems.java:491) - Extremely close systems detected. Data error? LTR-Coreward-Spinward-004 <-> HWY-Rimward-Anti-Spinward-037: 0.000 ly

21:12:15,370 WARN  [mekhq.campaign.universe.Systems] {SwingWorker-pool-2-thread-1}
mekhq.campaign.universe.Systems.logVeryCloseSystems(Systems.java:491) - Extremely close systems detected. Data error? LTR-Coreward-Spinward-007 <-> HWY-Rimward-Anti-Spinward-034: 0.000 ly

21:12:15,370 WARN  [mekhq.campaign.universe.Systems] {SwingWorker-pool-2-thread-1}
mekhq.campaign.universe.Systems.logVeryCloseSystems(Systems.java:491) - Extremely close systems detected. Data error? LTR-Coreward-Spinward-006 <-> HWY-Rimward-Anti-Spinward-035: 0.000 ly

21:12:15,370 WARN  [mekhq.campaign.universe.Systems] {SwingWorker-pool-2-thread-1}
mekhq.campaign.universe.Systems.logVeryCloseSystems(Systems.java:491) - Extremely close systems detected. Data error? LTR-Coreward-Spinward-009 <-> HWY-Rimward-Anti-Spinward-032: 0.000 ly

21:12:15,371 WARN  [mekhq.campaign.universe.Systems] {SwingWorker-pool-2-thread-1}
mekhq.campaign.universe.Systems.logVeryCloseSystems(Systems.java:491) - Extremely close systems detected. Data error? LTR-Coreward-Spinward-008 <-> HWY-Rimward-Anti-Spinward-033: 0.000 ly

21:12:15,371 WARN  [mekhq.campaign.universe.Systems] {SwingWorker-pool-2-thread-1}
mekhq.campaign.universe.Systems.logVeryCloseSystems(Systems.java:491) - Extremely close systems detected. Data error? LTR-Coreward-001 <-> HWY-Rimward-058: 0.000 ly

21:12:15,371 WARN  [mekhq.campaign.universe.Systems] {SwingWorker-pool-2-thread-1}
mekhq.campaign.universe.Systems.logVeryCloseSystems(Systems.java:491) - Extremely close systems detected. Data error? LTR-Coreward-002 <-> HWY-Rimward-057: 0.000 ly

21:12:15,371 WARN  [mekhq.campaign.universe.Systems] {SwingWorker-pool-2-thread-1}
mekhq.campaign.universe.Systems.logVeryCloseSystems(Systems.java:491) - Extremely close systems detected. Data error? LTR-Coreward-005 <-> HWY-Rimward-054: 0.000 ly

21:12:15,371 WARN  [mekhq.campaign.universe.Systems] {SwingWorker-pool-2-thread-1}
mekhq.campaign.universe.Systems.logVeryCloseSystems(Systems.java:491) - Extremely close systems detected. Data error? LTR-Coreward-006 <-> HWY-Rimward-053: 0.000 ly

21:12:15,371 WARN  [mekhq.campaign.universe.Systems] {SwingWorker-pool-2-thread-1}
mekhq.campaign.universe.Systems.logVeryCloseSystems(Systems.java:491) - Extremely close systems detected. Data error? LTR-Coreward-003 <-> HWY-Rimward-056: 0.000 ly

21:12:15,371 WARN  [mekhq.campaign.universe.Systems] {SwingWorker-pool-2-thread-1}
mekhq.campaign.universe.Systems.logVeryCloseSystems(Systems.java:491) - Extremely close systems detected. Data error? LTR-Coreward-004 <-> HWY-Rimward-055: 0.000 ly

21:12:15,371 WARN  [mekhq.campaign.universe.Systems] {SwingWorker-pool-2-thread-1}
mekhq.campaign.universe.Systems.logVeryCloseSystems(Systems.java:491) - Extremely close systems detected. Data error? LTR-Coreward-009 <-> HWY-Rimward-063: 0.000 ly

21:12:15,371 WARN  [mekhq.campaign.universe.Systems] {SwingWorker-pool-2-thread-1}
mekhq.campaign.universe.Systems.logVeryCloseSystems(Systems.java:491) - Extremely close systems detected. Data error? LTR-Coreward-007 <-> HWY-Rimward-052: 0.000 ly

21:12:15,374 WARN  [mekhq.campaign.universe.Systems] {SwingWorker-pool-2-thread-1}
mekhq.campaign.universe.Systems.logVeryCloseSystems(Systems.java:491) - Extremely close systems detected. Data error? LTR-Coreward-008 <-> HWY-Rimward-064: 0.000 ly

21:12:15,375 WARN  [mekhq.campaign.universe.Systems] {SwingWorker-pool-2-thread-1}
mekhq.campaign.universe.Systems.logVeryCloseSystems(Systems.java:491) - Extremely close systems detected. Data error? LTR-Coreward-012 <-> HWY-Rimward-060: 0.000 ly

21:12:15,375 WARN  [mekhq.campaign.universe.Systems] {SwingWorker-pool-2-thread-1}
mekhq.campaign.universe.Systems.logVeryCloseSystems(Systems.java:491) - Extremely close systems detected. Data error? LTR-Coreward-013 <-> HWY-Rimward-059: 0.000 ly

21:12:15,375 WARN  [mekhq.campaign.universe.Systems] {SwingWorker-pool-2-thread-1}
mekhq.campaign.universe.Systems.logVeryCloseSystems(Systems.java:491) - Extremely close systems detected. Data error? LTR-Coreward-010 <-> HWY-Rimward-062: 0.000 ly

21:12:15,376 WARN  [mekhq.campaign.universe.Systems] {SwingWorker-pool-2-thread-1}
mekhq.campaign.universe.Systems.logVeryCloseSystems(Systems.java:491) - Extremely close systems detected. Data error? LTR-Coreward-011 <-> HWY-Rimward-061: 0.000 ly

21:12:15,377 WARN  [mekhq.campaign.universe.Systems] {SwingWorker-pool-2-thread-1}
mekhq.campaign.universe.Systems.logVeryCloseSystems(Systems.java:491) - Extremely close systems detected. Data error? LTR-Coreward-Spinward-030 <-> HWY-Coreward-Spinward-065: 0.000 ly

21:12:15,377 WARN  [mekhq.campaign.universe.Systems] {SwingWorker-pool-2-thread-1}
mekhq.campaign.universe.Systems.logVeryCloseSystems(Systems.java:491) - Extremely close systems detected. Data error? LTR-Coreward-Spinward-032 <-> HWY-Coreward-Spinward-067: 0.000 ly

21:12:15,378 WARN  [mekhq.campaign.universe.Systems] {SwingWorker-pool-2-thread-1}
mekhq.campaign.universe.Systems.logVeryCloseSystems(Systems.java:491) - Extremely close systems detected. Data error? LTR-Coreward-Spinward-031 <-> HWY-Coreward-Spinward-066: 0.000 ly

21:12:15,378 WARN  [mekhq.campaign.universe.Systems] {SwingWorker-pool-2-thread-1}
mekhq.campaign.universe.Systems.logVeryCloseSystems(Systems.java:491) - Extremely close systems detected. Data error? LTR-Coreward-Spinward-025 <-> HWY-Coreward-Spinward-060: 0.000 ly

21:12:15,378 WARN  [mekhq.campaign.universe.Systems] {SwingWorker-pool-2-thread-1}
mekhq.campaign.universe.Systems.logVeryCloseSystems(Systems.java:491) - Extremely close systems detected. Data error? LTR-Coreward-Spinward-027 <-> HWY-Coreward-Spinward-062: 0.000 ly

21:12:15,378 WARN  [mekhq.campaign.universe.Systems] {SwingWorker-pool-2-thread-1}
mekhq.campaign.universe.Systems.logVeryCloseSystems(Systems.java:491) - Extremely close systems detected. Data error? LTR-Coreward-Spinward-026 <-> HWY-Coreward-Spinward-061: 0.000 ly

21:12:15,379 WARN  [mekhq.campaign.universe.Systems] {SwingWorker-pool-2-thread-1}
mekhq.campaign.universe.Systems.logVeryCloseSystems(Systems.java:491) - Extremely close systems detected. Data error? LTR-Coreward-Spinward-029 <-> HWY-Coreward-Spinward-064: 0.000 ly

21:12:15,382 WARN  [mekhq.campaign.universe.Systems] {SwingWorker-pool-2-thread-1}
mekhq.campaign.universe.Systems.logVeryCloseSystems(Systems.java:491) - Extremely close systems detected. Data error? LTR-Coreward-Spinward-028 <-> HWY-Coreward-Spinward-063: 0.000 ly

21:12:15,709 INFO  [megamek.client.ui.tileset.MekTileset] {SwingWorker-pool-2-thread-1}
megamek.client.ui.tileset.MekTileset.loadFromFile(MekTileset.java:352) - Loading unit icons from mekset.txt

21:12:15,753 INFO  [megamek.client.ui.tileset.MekTileset] {SwingWorker-pool-2-thread-1}
megamek.client.ui.tileset.MekTileset.loadFromFile(MekTileset.java:352) - Loading unit icons from localserver_mekset.txt

21:12:15,755 INFO  [megamek.client.ui.tileset.MekTileset] {SwingWorker-pool-2-thread-1}
megamek.client.ui.tileset.MekTileset.loadFromFile(MekTileset.java:352) - Loading unit icons from localclient_mekset.txt

21:12:15,787 INFO  [mekhq.gui.dialog.DataLoadingDialog] {SwingWorker-pool-2-thread-1}
mekhq.gui.dialog.DataLoadingDialog$Task.doInBackground(DataLoadingDialog.java:448) - Loading campaign file from XML file /Users/stuart/Documents/GitHub/StrategosMekBay/MegaMekShare/Morning Star/Manxiome Industries/Scenario 4 Defend Manxiome/Morning Star Assault Group30330102.cpnx.gz

21:12:15,803 INFO  [mekhq.campaign.io.CampaignXmlParser] {SwingWorker-pool-2-thread-1}
mekhq.campaign.io.CampaignXmlParser.parse(CampaignXmlParser.java:183) - Starting load of campaign file from XML...

21:12:15,915 INFO  [megamek.common.MMRandom] {SwingWorker-pool-2-thread-1}
megamek.common.MMRandom.generate(MMRandom.java:63) - Generating RNG type #1

21:12:16,367 INFO  [megamek.common.weapons.handlers.WeaponOrderHandler] {Thread-1}
megamek.common.weapons.handlers.WeaponOrderHandler.loadWeaponOrderFile(WeaponOrderHandler.java:259) - Parsing customWeaponOrder.xml
...Parsing finished.
	Total number of custom weapon order entries: 0

21:12:20,514 INFO  [mekhq.campaign.personnel.death.RandomDeath] {SwingWorker-pool-2-thread-1}
mekhq.campaign.personnel.death.RandomDeath.initializeCausesFromFile(RandomDeath.java:200) - Parsing Random Death Causes from 0.49.08-origin XML

21:12:20,576 WARN  [mekhq.campaign.personnel.death.RandomDeath] {SwingWorker-pool-2-thread-1}
mekhq.campaign.personnel.death.RandomDeath.initializeCausesFromFile(RandomDeath.java:190) - File does not exist: userdata/data/universe/randomDeathCauses.xml

21:12:20,820 INFO  [mekhq.utilities.MHQXMLUtility] {SwingWorker-pool-2-thread-1}
mekhq.utilities.MHQXMLUtility.parseDocument(MHQXMLUtility.java:664) - Parsed XML document (189901 nodes)

21:12:20,840 INFO  [mekhq.gui.dialog.MilestoneUpgradePathDialog] {SwingWorker-pool-2-thread-1}
mekhq.gui.dialog.MilestoneUpgradePathDialog.<init>(MilestoneUpgradePathDialog.java:88) - No upgrade path found for campaign The Innovations Operations

21:12:20,854 INFO  [mekhq.campaign.market.personnelMarket.markets.NewPersonnelMarket] {SwingWorker-pool-2-thread-1}
mekhq.campaign.market.personnelMarket.markets.NewPersonnelMarket.generatePersonnelMarketDataFromXML(NewPersonnelMarket.java:160) - Loading Personnel Market Nodes from XML...

21:12:21,058 INFO  [mekhq.campaign.market.personnelMarket.markets.NewPersonnelMarket] {SwingWorker-pool-2-thread-1}
mekhq.campaign.market.personnelMarket.markets.NewPersonnelMarket.processRarePersonnelNodes(NewPersonnelMarket.java:1268) - Loading Rare Personnel Nodes from XML...

21:12:21,058 INFO  [mekhq.campaign.market.personnelMarket.markets.NewPersonnelMarket] {SwingWorker-pool-2-thread-1}
mekhq.campaign.market.personnelMarket.markets.NewPersonnelMarket.processRarePersonnelNodes(NewPersonnelMarket.java:1288) - Load Rare Personnel Nodes Complete!

21:12:21,059 INFO  [mekhq.campaign.market.personnelMarket.markets.NewPersonnelMarket] {SwingWorker-pool-2-thread-1}
mekhq.campaign.market.personnelMarket.markets.NewPersonnelMarket.processRareProfessionNodes(NewPersonnelMarket.java:1241) - Loading Rare Profession Nodes from XML...

21:12:21,059 INFO  [mekhq.campaign.market.personnelMarket.markets.NewPersonnelMarket] {SwingWorker-pool-2-thread-1}
mekhq.campaign.market.personnelMarket.markets.NewPersonnelMarket.processRareProfessionNodes(NewPersonnelMarket.java:1264) - Load Rare Profession Nodes Complete!

21:12:21,059 INFO  [mekhq.campaign.market.personnelMarket.markets.NewPersonnelMarket] {SwingWorker-pool-2-thread-1}
mekhq.campaign.market.personnelMarket.markets.NewPersonnelMarket.processApplicantNodes(NewPersonnelMarket.java:1195) - Loading Applicant Nodes from XML...

21:12:21,465 WARN  [megamek.client.ui.dialogs.buttonDialogs.CommonSettingsDialog] {SwingWorker-pool-2-thread-1}
megamek.client.ui.dialogs.buttonDialogs.CommonSettingsDialog.filteredFilesWithSubDirs(CommonSettingsDialog.java:3888) - Path /Users/stuart/Documents/GitHub/StrategosMekBay/MegaMekShare/data/universe/academies does not exist.

21:12:21,494 INFO  [mekhq.campaign.market.personnelMarket.markets.NewPersonnelMarket] {SwingWorker-pool-2-thread-1}
mekhq.campaign.market.personnelMarket.markets.NewPersonnelMarket.processApplicantNodes(NewPersonnelMarket.java:1220) - Load Applicant Nodes Complete!

21:12:21,513 INFO  [mekhq.campaign.campaignOptions.CampaignOptionsUnmarshaller] {SwingWorker-pool-2-thread-1}
mekhq.campaign.campaignOptions.CampaignOptionsUnmarshaller.generateCampaignOptionsFromXml(CampaignOptionsUnmarshaller.java:71) - Loading Campaign Options from Version 0.51.00 XML...

21:12:21,524 INFO  [mekhq.campaign.io.CampaignXmlParser] {SwingWorker-pool-2-thread-1}
mekhq.campaign.io.CampaignXmlParser.checkUnits(CampaignXmlParser.java:1929) - Checking for missing entities...

21:12:21,704 WARN  [megamek.common.loaders.MULParser] {SwingWorker-pool-2-thread-1}
megamek.common.loaders.MULParser.parse(MULParser.java:444) - Error restoring quirk: obsolete 2510.


21:12:21,707 WARN  [megamek.common.loaders.MULParser] {SwingWorker-pool-2-thread-1}
megamek.common.loaders.MULParser.parse(MULParser.java:444) - Error restoring quirk: obsolete 2510.


21:12:21,816 WARN  [megamek.common.loaders.MULParser] {SwingWorker-pool-2-thread-1}
megamek.common.loaders.MULParser.parse(MULParser.java:444) - Could not find the IS Ammo MG - Full equipment that was expected at index 0 of location 0.


21:12:21,818 WARN  [megamek.common.loaders.MULParser] {SwingWorker-pool-2-thread-1}
megamek.common.loaders.MULParser.parse(MULParser.java:444) - Could not find the IS Ammo MG - Full equipment that was expected at index 0 of location 0.


21:12:21,819 WARN  [megamek.common.loaders.MULParser] {SwingWorker-pool-2-thread-1}
megamek.common.loaders.MULParser.parse(MULParser.java:444) - Could not find the IS Ammo MG - Full equipment that was expected at index 0 of location 0.


21:12:21,819 WARN  [megamek.common.loaders.MULParser] {SwingWorker-pool-2-thread-1}
megamek.common.loaders.MULParser.parse(MULParser.java:444) - Could not find the IS Ammo MG - Full equipment that was expected at index 0 of location 0.


21:12:21,850 INFO  [mekhq.campaign.io.CampaignXmlParser] {SwingWorker-pool-2-thread-1}
mekhq.campaign.io.CampaignXmlParser.checkUnits(CampaignXmlParser.java:1966) - Finished checking for missing entities!

21:12:21,851 INFO  [mekhq.campaign.io.CampaignXmlParser] {SwingWorker-pool-2-thread-1}
mekhq.campaign.io.CampaignXmlParser.processUnitNodes(CampaignXmlParser.java:1981) - Loading Unit Nodes from XML...

21:12:21,871 WARN  [megamek.common.equipment.ExternalCargo] {SwingWorker-pool-2-thread-1}
megamek.common.equipment.ExternalCargo.setGame(ExternalCargo.java:342) - External Cargo has no entity or entityId

21:12:21,906 WARN  [megamek.common.equipment.ExternalCargo] {SwingWorker-pool-2-thread-1}
megamek.common.equipment.ExternalCargo.setGame(ExternalCargo.java:342) - External Cargo has no entity or entityId

21:12:21,919 WARN  [megamek.common.equipment.ExternalCargo] {SwingWorker-pool-2-thread-1}
megamek.common.equipment.ExternalCargo.setGame(ExternalCargo.java:342) - External Cargo has no entity or entityId

21:12:21,927 WARN  [megamek.common.equipment.ExternalCargo] {SwingWorker-pool-2-thread-1}
megamek.common.equipment.ExternalCargo.setGame(ExternalCargo.java:342) - External Cargo has no entity or entityId

21:12:21,944 WARN  [megamek.common.equipment.ExternalCargo] {SwingWorker-pool-2-thread-1}
megamek.common.equipment.ExternalCargo.setGame(ExternalCargo.java:342) - External Cargo has no entity or entityId

21:12:21,957 WARN  [megamek.common.equipment.ExternalCargo] {SwingWorker-pool-2-thread-1}
megamek.common.equipment.ExternalCargo.setGame(ExternalCargo.java:342) - External Cargo has no entity or entityId

21:12:21,978 WARN  [megamek.common.equipment.ExternalCargo] {SwingWorker-pool-2-thread-1}
megamek.common.equipment.ExternalCargo.setGame(ExternalCargo.java:342) - External Cargo has no entity or entityId

21:12:21,982 WARN  [megamek.common.equipment.ExternalCargo] {SwingWorker-pool-2-thread-1}
megamek.common.equipment.ExternalCargo.setGame(ExternalCargo.java:342) - External Cargo has no entity or entityId

21:12:21,998 WARN  [megamek.common.loaders.MULParser] {SwingWorker-pool-2-thread-1}
megamek.common.loaders.MULParser.parse(MULParser.java:444) - Error restoring quirk: obsolete 2510.


21:12:21,999 WARN  [megamek.common.equipment.ExternalCargo] {SwingWorker-pool-2-thread-1}
megamek.common.equipment.ExternalCargo.setGame(ExternalCargo.java:342) - External Cargo has no entity or entityId

21:12:22,013 WARN  [megamek.common.loaders.MULParser] {SwingWorker-pool-2-thread-1}
megamek.common.loaders.MULParser.parse(MULParser.java:444) - Error restoring quirk: obsolete 2510.


21:12:22,013 WARN  [megamek.common.equipment.ExternalCargo] {SwingWorker-pool-2-thread-1}
megamek.common.equipment.ExternalCargo.setGame(ExternalCargo.java:342) - External Cargo has no entity or entityId

21:12:22,024 WARN  [megamek.common.equipment.ExternalCargo] {SwingWorker-pool-2-thread-1}
megamek.common.equipment.ExternalCargo.setGame(ExternalCargo.java:342) - External Cargo has no entity or entityId

21:12:22,047 WARN  [megamek.common.equipment.ExternalCargo] {SwingWorker-pool-2-thread-1}
megamek.common.equipment.ExternalCargo.setGame(ExternalCargo.java:342) - External Cargo has no entity or entityId

21:12:22,057 WARN  [megamek.common.equipment.ExternalCargo] {SwingWorker-pool-2-thread-1}
megamek.common.equipment.ExternalCargo.setGame(ExternalCargo.java:342) - External Cargo has no entity or entityId

21:12:22,064 WARN  [megamek.common.equipment.ExternalCargo] {SwingWorker-pool-2-thread-1}
megamek.common.equipment.ExternalCargo.setGame(ExternalCargo.java:342) - External Cargo has no entity or entityId

21:12:22,066 WARN  [megamek.common.equipment.ExternalCargo] {SwingWorker-pool-2-thread-1}
megamek.common.equipment.ExternalCargo.setGame(ExternalCargo.java:342) - External Cargo has no entity or entityId

21:12:22,070 WARN  [megamek.common.equipment.ExternalCargo] {SwingWorker-pool-2-thread-1}
megamek.common.equipment.ExternalCargo.setGame(ExternalCargo.java:342) - External Cargo has no entity or entityId

21:12:22,116 WARN  [megamek.common.equipment.ExternalCargo] {SwingWorker-pool-2-thread-1}
megamek.common.equipment.ExternalCargo.setGame(ExternalCargo.java:342) - External Cargo has no entity or entityId

21:12:22,124 WARN  [megamek.common.equipment.ExternalCargo] {SwingWorker-pool-2-thread-1}
megamek.common.equipment.ExternalCargo.setGame(ExternalCargo.java:342) - External Cargo has no entity or entityId

21:12:22,127 WARN  [megamek.common.equipment.ExternalCargo] {SwingWorker-pool-2-thread-1}
megamek.common.equipment.ExternalCargo.setGame(ExternalCargo.java:342) - External Cargo has no entity or entityId

21:12:22,130 WARN  [megamek.common.equipment.ExternalCargo] {SwingWorker-pool-2-thread-1}
megamek.common.equipment.ExternalCargo.setGame(ExternalCargo.java:342) - External Cargo has no entity or entityId

21:12:22,618 WARN  [megamek.common.equipment.ExternalCargo] {SwingWorker-pool-2-thread-1}
megamek.common.equipment.ExternalCargo.setGame(ExternalCargo.java:342) - External Cargo has no entity or entityId

21:12:22,650 WARN  [megamek.common.equipment.ExternalCargo] {SwingWorker-pool-2-thread-1}
megamek.common.equipment.ExternalCargo.setGame(ExternalCargo.java:342) - External Cargo has no entity or entityId

21:12:22,661 WARN  [megamek.common.equipment.ExternalCargo] {SwingWorker-pool-2-thread-1}
megamek.common.equipment.ExternalCargo.setGame(ExternalCargo.java:342) - External Cargo has no entity or entityId

21:12:22,699 WARN  [megamek.common.equipment.ExternalCargo] {SwingWorker-pool-2-thread-1}
megamek.common.equipment.ExternalCargo.setGame(ExternalCargo.java:342) - External Cargo has no entity or entityId

21:12:22,713 WARN  [megamek.common.equipment.ExternalCargo] {SwingWorker-pool-2-thread-1}
megamek.common.equipment.ExternalCargo.setGame(ExternalCargo.java:342) - External Cargo has no entity or entityId

21:12:22,718 WARN  [megamek.common.equipment.ExternalCargo] {SwingWorker-pool-2-thread-1}
megamek.common.equipment.ExternalCargo.setGame(ExternalCargo.java:342) - External Cargo has no entity or entityId

21:12:22,720 WARN  [megamek.common.equipment.ExternalCargo] {SwingWorker-pool-2-thread-1}
megamek.common.equipment.ExternalCargo.setGame(ExternalCargo.java:342) - External Cargo has no entity or entityId

21:12:22,737 WARN  [megamek.common.equipment.ExternalCargo] {SwingWorker-pool-2-thread-1}
megamek.common.equipment.ExternalCargo.setGame(ExternalCargo.java:342) - External Cargo has no entity or entityId

21:12:22,740 WARN  [megamek.common.equipment.ExternalCargo] {SwingWorker-pool-2-thread-1}
megamek.common.equipment.ExternalCargo.setGame(ExternalCargo.java:342) - External Cargo has no entity or entityId

21:12:22,747 WARN  [megamek.common.equipment.ExternalCargo] {SwingWorker-pool-2-thread-1}
megamek.common.equipment.ExternalCargo.setGame(ExternalCargo.java:342) - External Cargo has no entity or entityId

21:12:22,756 WARN  [megamek.common.equipment.ExternalCargo] {SwingWorker-pool-2-thread-1}
megamek.common.equipment.ExternalCargo.setGame(ExternalCargo.java:342) - External Cargo has no entity or entityId

21:12:22,801 WARN  [megamek.common.equipment.ExternalCargo] {SwingWorker-pool-2-thread-1}
megamek.common.equipment.ExternalCargo.setGame(ExternalCargo.java:342) - External Cargo has no entity or entityId

21:12:22,808 WARN  [megamek.common.equipment.ExternalCargo] {SwingWorker-pool-2-thread-1}
megamek.common.equipment.ExternalCargo.setGame(ExternalCargo.java:342) - External Cargo has no entity or entityId

21:12:22,816 WARN  [megamek.common.equipment.ExternalCargo] {SwingWorker-pool-2-thread-1}
megamek.common.equipment.ExternalCargo.setGame(ExternalCargo.java:342) - External Cargo has no entity or entityId

21:12:22,822 WARN  [megamek.common.equipment.ExternalCargo] {SwingWorker-pool-2-thread-1}
megamek.common.equipment.ExternalCargo.setGame(ExternalCargo.java:342) - External Cargo has no entity or entityId

21:12:22,827 WARN  [megamek.common.equipment.ExternalCargo] {SwingWorker-pool-2-thread-1}
megamek.common.equipment.ExternalCargo.setGame(ExternalCargo.java:342) - External Cargo has no entity or entityId

21:12:22,830 WARN  [megamek.common.equipment.ExternalCargo] {SwingWorker-pool-2-thread-1}
megamek.common.equipment.ExternalCargo.setGame(ExternalCargo.java:342) - External Cargo has no entity or entityId

21:12:22,865 WARN  [megamek.common.loaders.MULParser] {SwingWorker-pool-2-thread-1}
megamek.common.loaders.MULParser.parse(MULParser.java:444) - Could not find the IS Ammo MG - Full equipment that was expected at index 0 of location 0.


21:12:22,866 WARN  [megamek.common.equipment.ExternalCargo] {SwingWorker-pool-2-thread-1}
megamek.common.equipment.ExternalCargo.setGame(ExternalCargo.java:342) - External Cargo has no entity or entityId

21:12:22,898 WARN  [megamek.common.loaders.MULParser] {SwingWorker-pool-2-thread-1}
megamek.common.loaders.MULParser.parse(MULParser.java:444) - Could not find the IS Ammo MG - Full equipment that was expected at index 0 of location 0.


21:12:22,898 WARN  [megamek.common.equipment.ExternalCargo] {SwingWorker-pool-2-thread-1}
megamek.common.equipment.ExternalCargo.setGame(ExternalCargo.java:342) - External Cargo has no entity or entityId

21:12:22,900 WARN  [megamek.common.loaders.MULParser] {SwingWorker-pool-2-thread-1}
megamek.common.loaders.MULParser.parse(MULParser.java:444) - Could not find the IS Ammo MG - Full equipment that was expected at index 0 of location 0.


21:12:22,900 WARN  [megamek.common.equipment.ExternalCargo] {SwingWorker-pool-2-thread-1}
megamek.common.equipment.ExternalCargo.setGame(ExternalCargo.java:342) - External Cargo has no entity or entityId

21:12:22,901 WARN  [megamek.common.loaders.MULParser] {SwingWorker-pool-2-thread-1}
megamek.common.loaders.MULParser.parse(MULParser.java:444) - Could not find the IS Ammo MG - Full equipment that was expected at index 0 of location 0.


21:12:22,901 WARN  [megamek.common.equipment.ExternalCargo] {SwingWorker-pool-2-thread-1}
megamek.common.equipment.ExternalCargo.setGame(ExternalCargo.java:342) - External Cargo has no entity or entityId

21:12:22,905 WARN  [megamek.common.equipment.ExternalCargo] {SwingWorker-pool-2-thread-1}
megamek.common.equipment.ExternalCargo.setGame(ExternalCargo.java:342) - External Cargo has no entity or entityId

21:12:22,911 WARN  [megamek.common.equipment.ExternalCargo] {SwingWorker-pool-2-thread-1}
megamek.common.equipment.ExternalCargo.setGame(ExternalCargo.java:342) - External Cargo has no entity or entityId

21:12:22,915 WARN  [megamek.common.equipment.ExternalCargo] {SwingWorker-pool-2-thread-1}
megamek.common.equipment.ExternalCargo.setGame(ExternalCargo.java:342) - External Cargo has no entity or entityId

21:12:22,920 WARN  [megamek.common.equipment.ExternalCargo] {SwingWorker-pool-2-thread-1}
megamek.common.equipment.ExternalCargo.setGame(ExternalCargo.java:342) - External Cargo has no entity or entityId

21:12:22,934 WARN  [megamek.common.equipment.ExternalCargo] {SwingWorker-pool-2-thread-1}
megamek.common.equipment.ExternalCargo.setGame(ExternalCargo.java:342) - External Cargo has no entity or entityId

21:12:22,951 WARN  [megamek.common.equipment.ExternalCargo] {SwingWorker-pool-2-thread-1}
megamek.common.equipment.ExternalCargo.setGame(ExternalCargo.java:342) - External Cargo has no entity or entityId

21:12:22,964 WARN  [megamek.common.equipment.ExternalCargo] {SwingWorker-pool-2-thread-1}
megamek.common.equipment.ExternalCargo.setGame(ExternalCargo.java:342) - External Cargo has no entity or entityId

21:12:22,972 WARN  [megamek.common.equipment.ExternalCargo] {SwingWorker-pool-2-thread-1}
megamek.common.equipment.ExternalCargo.setGame(ExternalCargo.java:342) - External Cargo has no entity or entityId

21:12:22,983 WARN  [megamek.common.equipment.ExternalCargo] {SwingWorker-pool-2-thread-1}
megamek.common.equipment.ExternalCargo.setGame(ExternalCargo.java:342) - External Cargo has no entity or entityId

21:12:22,997 WARN  [megamek.common.equipment.ExternalCargo] {SwingWorker-pool-2-thread-1}
megamek.common.equipment.ExternalCargo.setGame(ExternalCargo.java:342) - External Cargo has no entity or entityId

21:12:22,999 INFO  [mekhq.campaign.io.CampaignXmlParser] {SwingWorker-pool-2-thread-1}
mekhq.campaign.io.CampaignXmlParser.processUnitNodes(CampaignXmlParser.java:2006) - Load Unit Nodes Complete!

21:12:23,000 INFO  [mekhq.campaign.HumanResources] {SwingWorker-pool-2-thread-1}
mekhq.campaign.HumanResources.loadFromXML(HumanResources.java:2509) - Loading HumanResources from XML...

21:12:23,284 WARN  [megamek.client.ui.dialogs.buttonDialogs.CommonSettingsDialog] {SwingWorker-pool-2-thread-1}
megamek.client.ui.dialogs.buttonDialogs.CommonSettingsDialog.filteredFilesWithSubDirs(CommonSettingsDialog.java:3888) - Path /Users/stuart/Documents/GitHub/StrategosMekBay/MegaMekShare/data/universe/awards does not exist.

21:12:24,498 INFO  [mekhq.campaign.HumanResources] {SwingWorker-pool-2-thread-1}
mekhq.campaign.HumanResources.parsePersonnelWhoAdvancedInXP(HumanResources.java:2592) - Loading personnelWhoAdvancedInXP Nodes from XML...

21:12:24,542 WARN  [mekhq.module.PluginManager] {SwingWorker-pool-2-thread-1}
mekhq.module.PluginManager.<init>(PluginManager.java:72) - Could not find plugin directory

21:12:24,543 WARN  [mekhq.module.PluginManager] {SwingWorker-pool-2-thread-1}
mekhq.module.PluginManager.<init>(PluginManager.java:79) - Could not find plugin directory.

21:12:24,636 INFO  [mekhq.campaign.HumanResources] {SwingWorker-pool-2-thread-1}
mekhq.campaign.HumanResources.loadFromXML(HumanResources.java:2551) - Load HumanResources from XML complete.

21:12:24,637 INFO  [mekhq.campaign.io.CampaignXmlParser] {SwingWorker-pool-2-thread-1}
mekhq.campaign.io.CampaignXmlParser.processMissionNodes(CampaignXmlParser.java:1893) - Loading Mission Nodes from XML...

21:12:24,816 INFO  [mekhq.campaign.io.CampaignXmlParser] {SwingWorker-pool-2-thread-1}
mekhq.campaign.io.CampaignXmlParser.processMissionNodes(CampaignXmlParser.java:1925) - Load Mission Nodes Complete!

21:12:24,817 INFO  [mekhq.campaign.io.CampaignXmlParser] {SwingWorker-pool-2-thread-1}
mekhq.campaign.io.CampaignXmlParser.processFormations(CampaignXmlParser.java:1471) - Loading Formation Organization from XML...

21:12:24,830 INFO  [mekhq.campaign.io.CampaignXmlParser] {SwingWorker-pool-2-thread-1}
mekhq.campaign.io.CampaignXmlParser.processFormations(CampaignXmlParser.java:1505) - Load of Formation Organization complete!

21:12:24,831 INFO  [mekhq.campaign.io.CampaignXmlParser] {SwingWorker-pool-2-thread-1}
mekhq.campaign.io.CampaignXmlParser.processFinances(CampaignXmlParser.java:1422) - Loading Finances from XML...

21:12:24,834 INFO  [mekhq.campaign.io.CampaignXmlParser] {SwingWorker-pool-2-thread-1}
mekhq.campaign.io.CampaignXmlParser.processFinances(CampaignXmlParser.java:1424) - Load of Finances complete!

21:12:24,835 INFO  [mekhq.campaign.io.CampaignXmlParser] {SwingWorker-pool-2-thread-1}
mekhq.campaign.io.CampaignXmlParser.processKillNodes(CampaignXmlParser.java:1761) - Loading Kill Nodes from XML...

21:12:24,842 INFO  [mekhq.campaign.io.CampaignXmlParser] {SwingWorker-pool-2-thread-1}
mekhq.campaign.io.CampaignXmlParser.processKillNodes(CampaignXmlParser.java:1785) - Load Kill Nodes Complete!

21:12:24,842 INFO  [mekhq.campaign.io.CampaignXmlParser] {SwingWorker-pool-2-thread-1}
mekhq.campaign.io.CampaignXmlParser.processSkillTypeNodes(CampaignXmlParser.java:1611) - Loading Skill Type Nodes from XML...

21:12:24,845 INFO  [mekhq.campaign.io.CampaignXmlParser] {SwingWorker-pool-2-thread-1}
mekhq.campaign.io.CampaignXmlParser.processSkillTypeNodes(CampaignXmlParser.java:1637) - Load Skill Type Nodes Complete!

21:12:24,845 INFO  [mekhq.campaign.io.CampaignXmlParser] {SwingWorker-pool-2-thread-1}
mekhq.campaign.io.CampaignXmlParser.processSpecialAbilityNodes(CampaignXmlParser.java:1730) - Loading Special Ability Nodes from XML...

21:12:24,853 INFO  [mekhq.campaign.io.CampaignXmlParser] {SwingWorker-pool-2-thread-1}
mekhq.campaign.io.CampaignXmlParser.processSpecialAbilityNodes(CampaignXmlParser.java:1757) - Load Special Ability Nodes Complete!

21:12:24,854 INFO  [mekhq.campaign.io.CampaignXmlParser] {SwingWorker-pool-2-thread-1}
mekhq.campaign.io.CampaignXmlParser.processPartNodes(CampaignXmlParser.java:2010) - Loading Part Nodes from XML...

21:12:25,098 INFO  [mekhq.campaign.io.CampaignXmlParser] {SwingWorker-pool-2-thread-1}
mekhq.campaign.io.CampaignXmlParser.processPartNodes(CampaignXmlParser.java:2038) - Load Part Nodes Complete!

21:12:25,138 INFO  [mekhq.campaign.io.CampaignXmlParser] {SwingWorker-pool-2-thread-1}
mekhq.campaign.io.CampaignXmlParser.processAutomatedMothballNodes(CampaignXmlParser.java:1699) - Loading Automated Mothball Nodes from XML...

21:12:25,138 INFO  [mekhq.campaign.io.CampaignXmlParser] {SwingWorker-pool-2-thread-1}
mekhq.campaign.io.CampaignXmlParser.processAutomatedMothballNodes(CampaignXmlParser.java:1725) - Load Automated Mothball Nodes Complete!

21:12:25,145 INFO  [mekhq.campaign.io.CampaignXmlParser] {SwingWorker-pool-2-thread-1}
mekhq.campaign.io.CampaignXmlParser.parse(CampaignXmlParser.java:456) - [Campaign Load] Force IDs set in 0ms

21:12:25,214 INFO  [mekhq.campaign.io.CampaignXmlParser] {SwingWorker-pool-2-thread-1}
mekhq.campaign.io.CampaignXmlParser.parse(CampaignXmlParser.java:463) - [Campaign Load] Parts processed in 67ms

21:12:25,214 INFO  [mekhq.campaign.io.CampaignXmlParser] {SwingWorker-pool-2-thread-1}
mekhq.campaign.io.CampaignXmlParser.parse(CampaignXmlParser.java:466) - [Campaign Load] Rank references fixed in 0ms

21:12:25,266 INFO  [mekhq.campaign.io.CampaignXmlParser] {SwingWorker-pool-2-thread-1}
mekhq.campaign.io.CampaignXmlParser.parse(CampaignXmlParser.java:520) - [Campaign Load] Pilot references fixed in 52ms

21:12:25,913 INFO  [mekhq.campaign.io.CampaignXmlParser] {SwingWorker-pool-2-thread-1}
mekhq.campaign.io.CampaignXmlParser.parse(CampaignXmlParser.java:594) - [Campaign Load] C3 networks refreshed in 636ms

21:12:26,190 INFO  [mekhq.campaign.io.CampaignXmlParser] {SwingWorker-pool-2-thread-1}
mekhq.campaign.io.CampaignXmlParser.parse(CampaignXmlParser.java:630) - [Campaign Load] Units initialized in 260ms

21:12:26,192 INFO  [mekhq.campaign.io.CampaignXmlParser] {SwingWorker-pool-2-thread-1}
mekhq.campaign.io.CampaignXmlParser.parse(CampaignXmlParser.java:637) - [Campaign Load] Personnel initialized in 1ms

21:12:26,335 INFO  [mekhq.campaign.io.CampaignXmlParser] {SwingWorker-pool-2-thread-1}
mekhq.campaign.io.CampaignXmlParser.parse(CampaignXmlParser.java:642) - [Campaign Load] News loaded in 141ms

21:12:26,366 INFO  [mekhq.campaign.io.CampaignXmlParser] {SwingWorker-pool-2-thread-1}
mekhq.campaign.io.CampaignXmlParser.parse(CampaignXmlParser.java:681) - [Campaign Load] Ammo bins cleared in 31ms

21:12:26,367 INFO  [mekhq.campaign.io.CampaignXmlParser] {SwingWorker-pool-2-thread-1}
mekhq.campaign.io.CampaignXmlParser.parse(CampaignXmlParser.java:695) - [Campaign Load] Reserved refit parts fixed in 1ms

21:12:26,390 INFO  [mekhq.campaign.io.CampaignXmlParser] {SwingWorker-pool-2-thread-1}
mekhq.campaign.io.CampaignXmlParser.parse(CampaignXmlParser.java:724) - [Campaign Load] Warehouse cleaned up in 23ms

21:12:26,409 INFO  [mekhq.campaign.personnel.death.RandomDeath] {SwingWorker-pool-2-thread-1}
mekhq.campaign.personnel.death.RandomDeath.initializeCausesFromFile(RandomDeath.java:200) - Parsing Random Death Causes from 0.49.08-origin XML

21:12:26,413 WARN  [mekhq.campaign.personnel.death.RandomDeath] {SwingWorker-pool-2-thread-1}
mekhq.campaign.personnel.death.RandomDeath.initializeCausesFromFile(RandomDeath.java:190) - File does not exist: userdata/data/universe/randomDeathCauses.xml

21:12:26,414 INFO  [mekhq.campaign.io.CampaignXmlParser] {SwingWorker-pool-2-thread-1}
mekhq.campaign.io.CampaignXmlParser.parse(CampaignXmlParser.java:750) - Load of campaign file complete!

21:12:31,004 INFO  [megamek.client.ui.tileset.MekTileset] {AWT-EventQueue-0}
megamek.client.ui.tileset.MekTileset.loadFromFile(MekTileset.java:352) - Loading unit icons from wreckset.txt

21:12:31,036 INFO  [megamek.client.ui.tileset.MekTileset] {AWT-EventQueue-0}
megamek.client.ui.tileset.MekTileset.loadFromFile(MekTileset.java:352) - Loading unit icons from localclient_wreckset.txt

21:12:31,133 INFO  [megamek.client.ui.tileset.HexTileset] {AWT-EventQueue-0}
megamek.client.ui.tileset.HexTileset.loadFromFile(HexTileset.java:363) - HexTileset saxarba.tileset loaded in 92ms.

21:12:31,139 INFO  [mekhq.gui.MekLabTab] {AWT-EventQueue-0}
mekhq.gui.MekLabTab.initTab(MekLabTab.java:161) - Starting MegaMekLab version: 0.51.00

21:12:32,494 INFO  [megamek.common.util.ImageUtil] {AWT-EventQueue-0}
megamek.common.util.ImageUtil$TileMapImageLoader.loadImage(ImageUtil.java:395) - Loading atlas: data/images/universe/planets.png

21:12:32,604 INFO  [mekhq.campaign.universe.factionHints.FactionHints] {AWT-EventQueue-0}
mekhq.campaign.universe.factionHints.FactionHints.loadFactionHints(FactionHints.java:522) - Starting load of faction hint data from XML...

21:12:32,875 INFO  [mekhq.campaign.mission.AtBDynamicScenarioFactory] {AWT-EventQueue-0}
mekhq.campaign.mission.AtBDynamicScenarioFactory.getBVBudgetForStratConSingles(AtBDynamicScenarioFactory.java:3617) - Using StratCon Singles: BV budget of all Combat Teams 39272 from 16 forces

21:12:50,804 ERROR [megamek.common.loaders.MekFileParser] {Thread-1}
megamek.common.loaders.MekFileParser.postLoadInit(MekFileParser.java:362) - Unable to match RISC Laser Pulse Module to laser for Rifleman RFL-8X RISC

21:12:50,823 ERROR [megamek.common.loaders.MekFileParser] {Thread-1}
megamek.common.loaders.MekFileParser.postLoadInit(MekFileParser.java:362) - Unable to match RISC Laser Pulse Module to laser for Rifleman RFL-8X RISC

21:12:50,934 ERROR [megamek.common.loaders.MekFileParser] {Thread-1}
megamek.common.loaders.MekFileParser.postLoadInit(MekFileParser.java:362) - Unable to match RISC Laser Pulse Module to laser for Rifleman RFL-8X RISC

21:12:50,934 ERROR [megamek.common.loaders.MekFileParser] {Thread-1}
megamek.common.loaders.MekFileParser.postLoadInit(MekFileParser.java:362) - Unable to match RISC Laser Pulse Module to laser for Rifleman RFL-8X RISC

21:13:13,828 WARN  [mekhq.gui.view.PersonViewPanel] {AWT-EventQueue-0}
mekhq.gui.view.PersonViewPanel.drawMedals(PersonViewPanel.java:872) - No medal icon found for award: standard/medals/FourthSuccessionWarM.png

21:13:14,092 WARN  [mekhq.gui.view.PersonViewPanel] {AWT-EventQueue-0}
mekhq.gui.view.PersonViewPanel.drawMedals(PersonViewPanel.java:872) - No medal icon found for award: standard/medals/FourthSuccessionWarM.png

